Using pre-set license
Built from '2021.1/staging' branch; Version is '2021.1.0b7 (02180fe17a0e) revision 137231'; Using compiler version '192528614'; Build Type 'Release'
OS: 'Windows 10 Pro; OS build 18363.1379; Version 1909; 64bit' Language: 'es' Physical Memory: 16342 MB
BatchMode: 1, IsHumanControllingUs: 0, StartBugReporterOnCrash: 0, Is64bit: 1, IsPro: 0

 COMMAND LINE ARGUMENTS:
C:\Program Files\Unity\Hub\Editor\2021.1.0b7\Editor\Unity.exe
-adb2
-batchMode
-noUpm
-name
AssetImportWorker0
-projectPath
D:/Utiles y Programas/1.Unity/Archer_Vampire
-logFile
Logs/AssetImportWorker0.log
-srvPort
62426
Successfully changed project path to: D:/Utiles y Programas/1.Unity/Archer_Vampire
D:/Utiles y Programas/1.Unity/Archer_Vampire
Using Asset Import Pipeline V2.
Refreshing native plugins compatible for Editor in 63.90 ms, found 1 plugins.
Preloading 0 native plugins for Editor in 0.00 ms.
Initialize engine version: 2021.1.0b7 (02180fe17a0e)
[Subsystems] Discovering subsystems at path C:/Program Files/Unity/Hub/Editor/2021.1.0b7/Editor/Data/Resources/UnitySubsystems
[Subsystems] Discovering subsystems at path D:/Utiles y Programas/1.Unity/Archer_Vampire/Assets
GfxDevice: creating device client; threaded=0; jobified=0
Direct3D:
    Version:  Direct3D 11.0 [level 11.1]
    Renderer: NVIDIA GeForce GTX 980 Ti (ID=0x17c8)
    Vendor:   NVIDIA
    VRAM:     6097 MB
    Driver:   27.21.14.5655
Initialize mono
Mono path[0] = 'C:/Program Files/Unity/Hub/Editor/2021.1.0b7/Editor/Data/Managed'
Mono path[1] = 'C:/Program Files/Unity/Hub/Editor/2021.1.0b7/Editor/Data/MonoBleedingEdge/lib/mono/unityjit'
Mono config path = 'C:/Program Files/Unity/Hub/Editor/2021.1.0b7/Editor/Data/MonoBleedingEdge/etc'
Using monoOptions --debugger-agent=transport=dt_socket,embedding=1,server=y,suspend=n,address=127.0.0.1:56984
Begin MonoManager ReloadAssembly
Registering precompiled unity dll's ...
Register platform support module: C:/Program Files/Unity/Hub/Editor/2021.1.0b7/Editor/Data/PlaybackEngines/WindowsStandaloneSupport/UnityEditor.WindowsStandalone.Extensions.dll
Registered in 0.001400 seconds.
Native extension for WindowsStandalone target not found
Refreshing native plugins compatible for Editor in 63.76 ms, found 1 plugins.
Preloading 0 native plugins for Editor in 0.00 ms.
Mono: successfully reloaded assembly
- Completed reload, in  1.012 seconds
Platform modules already initialized, skipping
Registering precompiled user dll's ...
Registered in 0.002904 seconds.
Begin MonoManager ReloadAssembly
Native extension for WindowsStandalone target not found
Refreshing native plugins compatible for Editor in 0.46 ms, found 1 plugins.
Preloading 0 native plugins for Editor in 0.00 ms.
Mono: successfully reloaded assembly
- Completed reload, in  0.814 seconds
Platform modules already initialized, skipping
========================================================================
Worker process is ready to serve import requests
Launched and connected shader compiler UnityShaderCompiler.exe after 0.04 seconds
Refreshing native plugins compatible for Editor in 0.47 ms, found 1 plugins.
Preloading 0 native plugins for Editor in 0.00 ms.
Unloading 2808 Unused Serialized files (Serialized files now loaded: 0)
System memory in use before: 103.6 MB.
System memory in use after: 103.8 MB.

Unloading 16 unused Assets to reduce memory usage. Loaded Objects now: 3258.
Total: 2.089600 ms (FindLiveObjects: 0.222700 ms CreateObjectMapping: 0.131200 ms MarkObjects: 1.667800 ms  DeleteObjects: 0.067200 ms)

========================================================================
Received Import Request.
  path: Assets/Animations/DirectorTimeline.playable
  artifactKey: Guid(c03ace3c4c742a845a6f994b8aefd8ed) Importer(815301076,1909f56bfc062723c751e8b465ee728b)
Start importing Assets/Animations/DirectorTimeline.playable using Guid(c03ace3c4c742a845a6f994b8aefd8ed) Importer(815301076,1909f56bfc062723c751e8b465ee728b)  -> (artifact id: '5a4ad0d41aa030d42b945d0d87d7dce6') in 0.053174 seconds 
========================================================================
Received Prepare
Refreshing native plugins compatible for Editor in 1.92 ms, found 1 plugins.
Preloading 0 native plugins for Editor in 0.00 ms.
Unloading 9 Unused Serialized files (Serialized files now loaded: 0)
System memory in use before: 48.1 MB.
System memory in use after: 48.3 MB.

Unloading 9 unused Assets to reduce memory usage. Loaded Objects now: 3258.
Total: 2.453400 ms (FindLiveObjects: 0.210600 ms CreateObjectMapping: 0.135400 ms MarkObjects: 2.063200 ms  DeleteObjects: 0.043200 ms)

========================================================================
Received Import Request.
  Time since last request: 12.502358 seconds.
  path: Assets/_Scripts
  artifactKey: Guid(0f227d375884d774f8972b99ab9060db) Importer(815301076,1909f56bfc062723c751e8b465ee728b)
Start importing Assets/_Scripts using Guid(0f227d375884d774f8972b99ab9060db) Importer(815301076,1909f56bfc062723c751e8b465ee728b)  -> (artifact id: 'd150d1ca2f4efb930ee089226781f00a') in 0.005236 seconds 
========================================================================
Received Prepare
Registering precompiled user dll's ...
Registered in 0.002881 seconds.
Begin MonoManager ReloadAssembly
Native extension for WindowsStandalone target not found
Refreshing native plugins compatible for Editor in 0.46 ms, found 1 plugins.
Preloading 0 native plugins for Editor in 0.00 ms.
Mono: successfully reloaded assembly
- Completed reload, in  0.801 seconds
Platform modules already initialized, skipping
Refreshing native plugins compatible for Editor in 0.76 ms, found 1 plugins.
Preloading 0 native plugins for Editor in 0.00 ms.
Unloading 2803 Unused Serialized files (Serialized files now loaded: 0)
System memory in use before: 103.6 MB.
System memory in use after: 103.8 MB.

Unloading 11 unused Assets to reduce memory usage. Loaded Objects now: 3261.
Total: 2.615800 ms (FindLiveObjects: 0.317400 ms CreateObjectMapping: 0.173000 ms MarkObjects: 2.066800 ms  DeleteObjects: 0.057600 ms)

========================================================================
Received Import Request.
  Time since last request: 7.135530 seconds.
  path: Assets/_Scripts/Player/PlayerController.cs
  artifactKey: Guid(e0223e5f9400e8a459fa721ac03551f4) Importer(815301076,1909f56bfc062723c751e8b465ee728b)
Start importing Assets/_Scripts/Player/PlayerController.cs using Guid(e0223e5f9400e8a459fa721ac03551f4) Importer(815301076,1909f56bfc062723c751e8b465ee728b)  -> (artifact id: '6498e12066fc2cbfaafa734f0f4a40d6') in 0.009971 seconds 
========================================================================
Received Import Request.
  Time since last request: 52.769203 seconds.
  path: Assets/_Scripts/Player/PlayerController.cs
  artifactKey: Guid(e0223e5f9400e8a459fa721ac03551f4) Importer(815301076,1909f56bfc062723c751e8b465ee728b)
Start importing Assets/_Scripts/Player/PlayerController.cs using Guid(e0223e5f9400e8a459fa721ac03551f4) Importer(815301076,1909f56bfc062723c751e8b465ee728b)  -> (artifact id: '47977a5419ad439b20401be757b87f03') in 0.002389 seconds 
========================================================================
Received Prepare
Registering precompiled user dll's ...
Registered in 0.002909 seconds.
Begin MonoManager ReloadAssembly
Native extension for WindowsStandalone target not found
Refreshing native plugins compatible for Editor in 0.49 ms, found 1 plugins.
Preloading 0 native plugins for Editor in 0.00 ms.
Mono: successfully reloaded assembly
- Completed reload, in  0.776 seconds
Platform modules already initialized, skipping
Refreshing native plugins compatible for Editor in 0.49 ms, found 1 plugins.
Preloading 0 native plugins for Editor in 0.00 ms.
Unloading 2802 Unused Serialized files (Serialized files now loaded: 0)
System memory in use before: 103.7 MB.
System memory in use after: 103.9 MB.

Unloading 11 unused Assets to reduce memory usage. Loaded Objects now: 3263.
Total: 4.181400 ms (FindLiveObjects: 0.351800 ms CreateObjectMapping: 0.357100 ms MarkObjects: 3.383200 ms  DeleteObjects: 0.087400 ms)

========================================================================
Received Prepare
Registering precompiled user dll's ...
Registered in 0.003306 seconds.
Begin MonoManager ReloadAssembly
Native extension for WindowsStandalone target not found
Refreshing native plugins compatible for Editor in 0.51 ms, found 1 plugins.
Preloading 0 native plugins for Editor in 0.00 ms.
Mono: successfully reloaded assembly
- Completed reload, in  0.805 seconds
Platform modules already initialized, skipping
Refreshing native plugins compatible for Editor in 0.48 ms, found 1 plugins.
Preloading 0 native plugins for Editor in 0.00 ms.
Unloading 2802 Unused Serialized files (Serialized files now loaded: 0)
System memory in use before: 103.7 MB.
System memory in use after: 103.9 MB.

Unloading 11 unused Assets to reduce memory usage. Loaded Objects now: 3265.
Total: 2.389600 ms (FindLiveObjects: 0.457300 ms CreateObjectMapping: 0.256400 ms MarkObjects: 1.630000 ms  DeleteObjects: 0.044600 ms)

AssetImportWorkerClient::OnTransportError - code=2 error=End of file
