Using pre-set license
Built from '2021.1/staging' branch; Version is '2021.1.0b7 (02180fe17a0e) revision 137231'; Using compiler version '192528614'; Build Type 'Release'
OS: 'Windows 10 Pro; OS build 18363.1379; Version 1909; 64bit' Language: 'es' Physical Memory: 16342 MB
BatchMode: 1, IsHumanControllingUs: 0, StartBugReporterOnCrash: 0, Is64bit: 1, IsPro: 0

 COMMAND LINE ARGUMENTS:
C:\Program Files\Unity\Hub\Editor\2021.1.0b7\Editor\Unity.exe
-adb2
-batchMode
-noUpm
-name
AssetImportWorker0
-projectPath
D:/Utiles y Programas/1.Unity/Archer_Vampire
-logFile
Logs/AssetImportWorker0.log
-srvPort
54421
Successfully changed project path to: D:/Utiles y Programas/1.Unity/Archer_Vampire
D:/Utiles y Programas/1.Unity/Archer_Vampire
Using Asset Import Pipeline V2.
Refreshing native plugins compatible for Editor in 69.66 ms, found 1 plugins.
Preloading 0 native plugins for Editor in 0.00 ms.
Initialize engine version: 2021.1.0b7 (02180fe17a0e)
[Subsystems] Discovering subsystems at path C:/Program Files/Unity/Hub/Editor/2021.1.0b7/Editor/Data/Resources/UnitySubsystems
[Subsystems] Discovering subsystems at path D:/Utiles y Programas/1.Unity/Archer_Vampire/Assets
GfxDevice: creating device client; threaded=0; jobified=0
Direct3D:
    Version:  Direct3D 11.0 [level 11.1]
    Renderer: NVIDIA GeForce GTX 980 Ti (ID=0x17c8)
    Vendor:   NVIDIA
    VRAM:     6097 MB
    Driver:   27.21.14.5655
Initialize mono
Mono path[0] = 'C:/Program Files/Unity/Hub/Editor/2021.1.0b7/Editor/Data/Managed'
Mono path[1] = 'C:/Program Files/Unity/Hub/Editor/2021.1.0b7/Editor/Data/MonoBleedingEdge/lib/mono/unityjit'
Mono config path = 'C:/Program Files/Unity/Hub/Editor/2021.1.0b7/Editor/Data/MonoBleedingEdge/etc'
Using monoOptions --debugger-agent=transport=dt_socket,embedding=1,server=y,suspend=n,address=127.0.0.1:56004
Begin MonoManager ReloadAssembly
Registering precompiled unity dll's ...
Register platform support module: C:/Program Files/Unity/Hub/Editor/2021.1.0b7/Editor/Data/PlaybackEngines/WindowsStandaloneSupport/UnityEditor.WindowsStandalone.Extensions.dll
Registered in 0.001409 seconds.
Native extension for WindowsStandalone target not found
Refreshing native plugins compatible for Editor in 62.55 ms, found 1 plugins.
Preloading 0 native plugins for Editor in 0.00 ms.
Mono: successfully reloaded assembly
- Completed reload, in  1.210 seconds
Platform modules already initialized, skipping
Registering precompiled user dll's ...
Registered in 0.002623 seconds.
Begin MonoManager ReloadAssembly
Native extension for WindowsStandalone target not found
Refreshing native plugins compatible for Editor in 0.44 ms, found 1 plugins.
Preloading 0 native plugins for Editor in 0.00 ms.
Mono: successfully reloaded assembly
- Completed reload, in  0.851 seconds
Platform modules already initialized, skipping
========================================================================
Worker process is ready to serve import requests
Launched and connected shader compiler UnityShaderCompiler.exe after 0.04 seconds
Refreshing native plugins compatible for Editor in 0.43 ms, found 1 plugins.
Preloading 0 native plugins for Editor in 0.00 ms.
Unloading 2655 Unused Serialized files (Serialized files now loaded: 0)
System memory in use before: 98.6 MB.
System memory in use after: 98.7 MB.

Unloading 15 unused Assets to reduce memory usage. Loaded Objects now: 3106.
Total: 1.928200 ms (FindLiveObjects: 0.198400 ms CreateObjectMapping: 0.111200 ms MarkObjects: 1.550400 ms  DeleteObjects: 0.066900 ms)

========================================================================
Received Import Request.
  path: Assets/Scripts/Player/FollowPlayer.cs
  artifactKey: Guid(4c226915bf08c1f43882658721e03ee4) Importer(815301076,1909f56bfc062723c751e8b465ee728b)
Start importing Assets/Scripts/Player/FollowPlayer.cs using Guid(4c226915bf08c1f43882658721e03ee4) Importer(815301076,1909f56bfc062723c751e8b465ee728b)  -> (artifact id: '10d4b980e532bc1b9f80c841fda37c1b') in 0.042502 seconds 
========================================================================
Received Import Request.
  Time since last request: 136.789141 seconds.
  path: Assets/Scripts/Player/PlayerController.cs
  artifactKey: Guid(e0223e5f9400e8a459fa721ac03551f4) Importer(815301076,1909f56bfc062723c751e8b465ee728b)
Start importing Assets/Scripts/Player/PlayerController.cs using Guid(e0223e5f9400e8a459fa721ac03551f4) Importer(815301076,1909f56bfc062723c751e8b465ee728b)  -> (artifact id: 'c23b94160e2c600a88b3a88be26abd3b') in 0.005833 seconds 
========================================================================
Received Import Request.
  Time since last request: 46.115782 seconds.
  path: Assets/Scripts/Player/PlayerController.cs
  artifactKey: Guid(e0223e5f9400e8a459fa721ac03551f4) Importer(815301076,1909f56bfc062723c751e8b465ee728b)
Start importing Assets/Scripts/Player/PlayerController.cs using Guid(e0223e5f9400e8a459fa721ac03551f4) Importer(815301076,1909f56bfc062723c751e8b465ee728b)  -> (artifact id: '64cd25549cf2f505926283b0fce0636c') in 0.004739 seconds 
========================================================================
Received Prepare
Registering precompiled user dll's ...
Registered in 0.002497 seconds.
Begin MonoManager ReloadAssembly
Native extension for WindowsStandalone target not found
Refreshing native plugins compatible for Editor in 0.45 ms, found 1 plugins.
Preloading 0 native plugins for Editor in 0.00 ms.
Mono: successfully reloaded assembly
- Completed reload, in  0.797 seconds
Platform modules already initialized, skipping
Refreshing native plugins compatible for Editor in 0.51 ms, found 1 plugins.
Preloading 0 native plugins for Editor in 0.00 ms.
Unloading 2650 Unused Serialized files (Serialized files now loaded: 0)
System memory in use before: 98.6 MB.
System memory in use after: 98.8 MB.

Unloading 10 unused Assets to reduce memory usage. Loaded Objects now: 3108.
Total: 2.475400 ms (FindLiveObjects: 0.239800 ms CreateObjectMapping: 0.163700 ms MarkObjects: 2.005400 ms  DeleteObjects: 0.065100 ms)

========================================================================
Received Prepare
Registering precompiled user dll's ...
Registered in 0.002792 seconds.
Begin MonoManager ReloadAssembly
Native extension for WindowsStandalone target not found
Refreshing native plugins compatible for Editor in 0.44 ms, found 1 plugins.
Preloading 0 native plugins for Editor in 0.00 ms.
Mono: successfully reloaded assembly
- Completed reload, in  0.790 seconds
Platform modules already initialized, skipping
Refreshing native plugins compatible for Editor in 0.79 ms, found 1 plugins.
Preloading 0 native plugins for Editor in 0.00 ms.
Unloading 2650 Unused Serialized files (Serialized files now loaded: 0)
System memory in use before: 98.6 MB.
System memory in use after: 98.8 MB.

Unloading 10 unused Assets to reduce memory usage. Loaded Objects now: 3110.
Total: 2.639700 ms (FindLiveObjects: 0.339600 ms CreateObjectMapping: 0.180400 ms MarkObjects: 2.066900 ms  DeleteObjects: 0.051000 ms)

========================================================================
Received Prepare
Registering precompiled user dll's ...
Registered in 0.002496 seconds.
Begin MonoManager ReloadAssembly
Native extension for WindowsStandalone target not found
Refreshing native plugins compatible for Editor in 0.45 ms, found 1 plugins.
Preloading 0 native plugins for Editor in 0.00 ms.
Mono: successfully reloaded assembly
- Completed reload, in  0.791 seconds
Platform modules already initialized, skipping
Refreshing native plugins compatible for Editor in 0.72 ms, found 1 plugins.
Preloading 0 native plugins for Editor in 0.00 ms.
Unloading 2650 Unused Serialized files (Serialized files now loaded: 0)
System memory in use before: 98.6 MB.
System memory in use after: 98.8 MB.

Unloading 10 unused Assets to reduce memory usage. Loaded Objects now: 3112.
Total: 2.058800 ms (FindLiveObjects: 0.234100 ms CreateObjectMapping: 0.159500 ms MarkObjects: 1.620600 ms  DeleteObjects: 0.043700 ms)

========================================================================
Received Import Request.
  Time since last request: 49.020490 seconds.
  path: Assets/Scripts/Player/PlayerController.cs
  artifactKey: Guid(e0223e5f9400e8a459fa721ac03551f4) Importer(815301076,1909f56bfc062723c751e8b465ee728b)
Start importing Assets/Scripts/Player/PlayerController.cs using Guid(e0223e5f9400e8a459fa721ac03551f4) Importer(815301076,1909f56bfc062723c751e8b465ee728b)  -> (artifact id: '79346e02664b19dfa1c332de2fdc4fec') in 0.009308 seconds 
========================================================================
Received Prepare
Registering precompiled user dll's ...
Registered in 0.002487 seconds.
Begin MonoManager ReloadAssembly
Native extension for WindowsStandalone target not found
Refreshing native plugins compatible for Editor in 0.46 ms, found 1 plugins.
Preloading 0 native plugins for Editor in 0.00 ms.
Mono: successfully reloaded assembly
- Completed reload, in  0.741 seconds
Platform modules already initialized, skipping
Refreshing native plugins compatible for Editor in 0.75 ms, found 1 plugins.
Preloading 0 native plugins for Editor in 0.00 ms.
Unloading 2650 Unused Serialized files (Serialized files now loaded: 0)
System memory in use before: 98.7 MB.
System memory in use after: 98.9 MB.

Unloading 10 unused Assets to reduce memory usage. Loaded Objects now: 3114.
Total: 2.482500 ms (FindLiveObjects: 0.198100 ms CreateObjectMapping: 0.110000 ms MarkObjects: 2.126800 ms  DeleteObjects: 0.046700 ms)

========================================================================
Received Prepare
Registering precompiled user dll's ...
Registered in 0.002488 seconds.
Begin MonoManager ReloadAssembly
Native extension for WindowsStandalone target not found
Refreshing native plugins compatible for Editor in 0.47 ms, found 1 plugins.
Preloading 0 native plugins for Editor in 0.00 ms.
Mono: successfully reloaded assembly
- Completed reload, in  0.772 seconds
Platform modules already initialized, skipping
Refreshing native plugins compatible for Editor in 0.53 ms, found 1 plugins.
Preloading 0 native plugins for Editor in 0.00 ms.
Unloading 2650 Unused Serialized files (Serialized files now loaded: 0)
System memory in use before: 98.7 MB.
System memory in use after: 98.9 MB.

Unloading 10 unused Assets to reduce memory usage. Loaded Objects now: 3116.
Total: 2.174800 ms (FindLiveObjects: 0.347600 ms CreateObjectMapping: 0.208000 ms MarkObjects: 1.572800 ms  DeleteObjects: 0.044900 ms)

========================================================================
Received Prepare
Registering precompiled user dll's ...
Registered in 0.002601 seconds.
Begin MonoManager ReloadAssembly
Native extension for WindowsStandalone target not found
Refreshing native plugins compatible for Editor in 0.43 ms, found 1 plugins.
Preloading 0 native plugins for Editor in 0.00 ms.
Mono: successfully reloaded assembly
- Completed reload, in  0.748 seconds
Platform modules already initialized, skipping
Refreshing native plugins compatible for Editor in 0.44 ms, found 1 plugins.
Preloading 0 native plugins for Editor in 0.00 ms.
Unloading 2650 Unused Serialized files (Serialized files now loaded: 0)
System memory in use before: 98.7 MB.
System memory in use after: 98.9 MB.

Unloading 10 unused Assets to reduce memory usage. Loaded Objects now: 3118.
Total: 1.909100 ms (FindLiveObjects: 0.334700 ms CreateObjectMapping: 0.163600 ms MarkObjects: 1.366400 ms  DeleteObjects: 0.043000 ms)

========================================================================
Received Prepare
Registering precompiled user dll's ...
Registered in 0.002555 seconds.
Begin MonoManager ReloadAssembly
Native extension for WindowsStandalone target not found
Refreshing native plugins compatible for Editor in 0.43 ms, found 1 plugins.
Preloading 0 native plugins for Editor in 0.00 ms.
Mono: successfully reloaded assembly
- Completed reload, in  0.707 seconds
Platform modules already initialized, skipping
Refreshing native plugins compatible for Editor in 0.43 ms, found 1 plugins.
Preloading 0 native plugins for Editor in 0.00 ms.
Unloading 2650 Unused Serialized files (Serialized files now loaded: 0)
System memory in use before: 98.7 MB.
System memory in use after: 98.9 MB.

Unloading 10 unused Assets to reduce memory usage. Loaded Objects now: 3120.
Total: 2.251400 ms (FindLiveObjects: 0.403500 ms CreateObjectMapping: 0.144300 ms MarkObjects: 1.658800 ms  DeleteObjects: 0.043900 ms)

========================================================================
Received Prepare
Registering precompiled user dll's ...
Registered in 0.002634 seconds.
Begin MonoManager ReloadAssembly
Native extension for WindowsStandalone target not found
Refreshing native plugins compatible for Editor in 0.48 ms, found 1 plugins.
Preloading 0 native plugins for Editor in 0.00 ms.
Mono: successfully reloaded assembly
- Completed reload, in  0.719 seconds
Platform modules already initialized, skipping
Refreshing native plugins compatible for Editor in 0.69 ms, found 1 plugins.
Preloading 0 native plugins for Editor in 0.00 ms.
Unloading 2650 Unused Serialized files (Serialized files now loaded: 0)
System memory in use before: 98.7 MB.
System memory in use after: 98.9 MB.

Unloading 10 unused Assets to reduce memory usage. Loaded Objects now: 3122.
Total: 6.188900 ms (FindLiveObjects: 2.014900 ms CreateObjectMapping: 0.277200 ms MarkObjects: 3.837500 ms  DeleteObjects: 0.057200 ms)

========================================================================
Received Prepare
Registering precompiled user dll's ...
Registered in 0.003448 seconds.
Begin MonoManager ReloadAssembly
Native extension for WindowsStandalone target not found
Refreshing native plugins compatible for Editor in 0.66 ms, found 1 plugins.
Preloading 0 native plugins for Editor in 0.00 ms.
Mono: successfully reloaded assembly
- Completed reload, in  0.870 seconds
Platform modules already initialized, skipping
Refreshing native plugins compatible for Editor in 0.75 ms, found 1 plugins.
Preloading 0 native plugins for Editor in 0.00 ms.
Unloading 2650 Unused Serialized files (Serialized files now loaded: 0)
System memory in use before: 98.7 MB.
System memory in use after: 98.9 MB.

Unloading 10 unused Assets to reduce memory usage. Loaded Objects now: 3124.
Total: 2.976700 ms (FindLiveObjects: 0.340000 ms CreateObjectMapping: 0.159000 ms MarkObjects: 2.420600 ms  DeleteObjects: 0.055800 ms)

========================================================================
Received Prepare
Registering precompiled user dll's ...
Registered in 0.002916 seconds.
Begin MonoManager ReloadAssembly
Native extension for WindowsStandalone target not found
Refreshing native plugins compatible for Editor in 0.46 ms, found 1 plugins.
Preloading 0 native plugins for Editor in 0.00 ms.
Mono: successfully reloaded assembly
- Completed reload, in  0.762 seconds
Platform modules already initialized, skipping
Refreshing native plugins compatible for Editor in 0.71 ms, found 1 plugins.
Preloading 0 native plugins for Editor in 0.00 ms.
Unloading 2650 Unused Serialized files (Serialized files now loaded: 0)
System memory in use before: 98.7 MB.
System memory in use after: 98.9 MB.

Unloading 10 unused Assets to reduce memory usage. Loaded Objects now: 3126.
Total: 2.756500 ms (FindLiveObjects: 0.346800 ms CreateObjectMapping: 0.170100 ms MarkObjects: 2.190300 ms  DeleteObjects: 0.048300 ms)

========================================================================
Received Prepare
Registering precompiled user dll's ...
Registered in 0.002581 seconds.
Begin MonoManager ReloadAssembly
Native extension for WindowsStandalone target not found
Refreshing native plugins compatible for Editor in 0.44 ms, found 1 plugins.
Preloading 0 native plugins for Editor in 0.00 ms.
Mono: successfully reloaded assembly
- Completed reload, in  0.855 seconds
Platform modules already initialized, skipping
Refreshing native plugins compatible for Editor in 0.49 ms, found 1 plugins.
Preloading 0 native plugins for Editor in 0.00 ms.
Unloading 2650 Unused Serialized files (Serialized files now loaded: 0)
System memory in use before: 98.7 MB.
System memory in use after: 98.9 MB.

Unloading 10 unused Assets to reduce memory usage. Loaded Objects now: 3128.
Total: 2.449100 ms (FindLiveObjects: 0.299000 ms CreateObjectMapping: 0.155100 ms MarkObjects: 1.946800 ms  DeleteObjects: 0.046800 ms)

========================================================================
Received Prepare
Registering precompiled user dll's ...
Registered in 0.002505 seconds.
Begin MonoManager ReloadAssembly
Native extension for WindowsStandalone target not found
Refreshing native plugins compatible for Editor in 0.49 ms, found 1 plugins.
Preloading 0 native plugins for Editor in 0.00 ms.
Mono: successfully reloaded assembly
- Completed reload, in  0.798 seconds
Platform modules already initialized, skipping
Refreshing native plugins compatible for Editor in 0.45 ms, found 1 plugins.
Preloading 0 native plugins for Editor in 0.00 ms.
Unloading 2650 Unused Serialized files (Serialized files now loaded: 0)
System memory in use before: 98.7 MB.
System memory in use after: 98.9 MB.

Unloading 10 unused Assets to reduce memory usage. Loaded Objects now: 3130.
Total: 3.043800 ms (FindLiveObjects: 0.355600 ms CreateObjectMapping: 0.165800 ms MarkObjects: 2.426500 ms  DeleteObjects: 0.093800 ms)

========================================================================
Received Prepare
Registering precompiled user dll's ...
Registered in 0.002556 seconds.
Begin MonoManager ReloadAssembly
Native extension for WindowsStandalone target not found
Refreshing native plugins compatible for Editor in 0.43 ms, found 1 plugins.
Preloading 0 native plugins for Editor in 0.00 ms.
Mono: successfully reloaded assembly
- Completed reload, in  0.713 seconds
Platform modules already initialized, skipping
Refreshing native plugins compatible for Editor in 0.43 ms, found 1 plugins.
Preloading 0 native plugins for Editor in 0.00 ms.
Unloading 2650 Unused Serialized files (Serialized files now loaded: 0)
System memory in use before: 98.7 MB.
System memory in use after: 98.9 MB.

Unloading 10 unused Assets to reduce memory usage. Loaded Objects now: 3132.
Total: 2.106300 ms (FindLiveObjects: 0.381400 ms CreateObjectMapping: 0.155100 ms MarkObjects: 1.524600 ms  DeleteObjects: 0.043800 ms)

========================================================================
Received Prepare
Registering precompiled user dll's ...
Registered in 0.002521 seconds.
Begin MonoManager ReloadAssembly
Native extension for WindowsStandalone target not found
Refreshing native plugins compatible for Editor in 0.44 ms, found 1 plugins.
Preloading 0 native plugins for Editor in 0.00 ms.
Mono: successfully reloaded assembly
- Completed reload, in  0.720 seconds
Platform modules already initialized, skipping
Refreshing native plugins compatible for Editor in 0.45 ms, found 1 plugins.
Preloading 0 native plugins for Editor in 0.00 ms.
Unloading 2650 Unused Serialized files (Serialized files now loaded: 0)
System memory in use before: 98.7 MB.
System memory in use after: 98.9 MB.

Unloading 10 unused Assets to reduce memory usage. Loaded Objects now: 3134.
Total: 1.903700 ms (FindLiveObjects: 0.228900 ms CreateObjectMapping: 0.134700 ms MarkObjects: 1.496600 ms  DeleteObjects: 0.042300 ms)

========================================================================
Received Prepare
Registering precompiled user dll's ...
Registered in 0.002576 seconds.
Begin MonoManager ReloadAssembly
Native extension for WindowsStandalone target not found
Refreshing native plugins compatible for Editor in 0.47 ms, found 1 plugins.
Preloading 0 native plugins for Editor in 0.00 ms.
Mono: successfully reloaded assembly
- Completed reload, in  0.742 seconds
Platform modules already initialized, skipping
Refreshing native plugins compatible for Editor in 0.45 ms, found 1 plugins.
Preloading 0 native plugins for Editor in 0.00 ms.
Unloading 2650 Unused Serialized files (Serialized files now loaded: 0)
System memory in use before: 98.7 MB.
System memory in use after: 98.9 MB.

Unloading 10 unused Assets to reduce memory usage. Loaded Objects now: 3136.
Total: 1.862700 ms (FindLiveObjects: 0.216100 ms CreateObjectMapping: 0.119000 ms MarkObjects: 1.484500 ms  DeleteObjects: 0.041900 ms)

========================================================================
Received Prepare
Registering precompiled user dll's ...
Registered in 0.002942 seconds.
Begin MonoManager ReloadAssembly
Native extension for WindowsStandalone target not found
Refreshing native plugins compatible for Editor in 0.45 ms, found 1 plugins.
Preloading 0 native plugins for Editor in 0.00 ms.
Mono: successfully reloaded assembly
- Completed reload, in  0.729 seconds
Platform modules already initialized, skipping
Refreshing native plugins compatible for Editor in 0.57 ms, found 1 plugins.
Preloading 0 native plugins for Editor in 0.00 ms.
Unloading 2650 Unused Serialized files (Serialized files now loaded: 0)
System memory in use before: 98.7 MB.
System memory in use after: 98.9 MB.

Unloading 10 unused Assets to reduce memory usage. Loaded Objects now: 3138.
Total: 1.954900 ms (FindLiveObjects: 0.297700 ms CreateObjectMapping: 0.146900 ms MarkObjects: 1.452600 ms  DeleteObjects: 0.056300 ms)

========================================================================
Received Import Request.
  Time since last request: 2021.390978 seconds.
  path: Assets/Scripts/Player/FollowPlayer.cs
  artifactKey: Guid(4c226915bf08c1f43882658721e03ee4) Importer(815301076,1909f56bfc062723c751e8b465ee728b)
Start importing Assets/Scripts/Player/FollowPlayer.cs using Guid(4c226915bf08c1f43882658721e03ee4) Importer(815301076,1909f56bfc062723c751e8b465ee728b)  -> (artifact id: '267fa3d72b75b863c41af730de8d9c49') in 0.005011 seconds 
========================================================================
Received Prepare
Registering precompiled user dll's ...
Registered in 0.002532 seconds.
Begin MonoManager ReloadAssembly
Native extension for WindowsStandalone target not found
Refreshing native plugins compatible for Editor in 1.02 ms, found 1 plugins.
Preloading 0 native plugins for Editor in 0.00 ms.
Mono: successfully reloaded assembly
- Completed reload, in  0.866 seconds
Platform modules already initialized, skipping
Refreshing native plugins compatible for Editor in 0.44 ms, found 1 plugins.
Preloading 0 native plugins for Editor in 0.00 ms.
Unloading 2650 Unused Serialized files (Serialized files now loaded: 0)
System memory in use before: 98.7 MB.
System memory in use after: 98.9 MB.

Unloading 10 unused Assets to reduce memory usage. Loaded Objects now: 3140.
Total: 2.053600 ms (FindLiveObjects: 0.319600 ms CreateObjectMapping: 0.159300 ms MarkObjects: 1.529900 ms  DeleteObjects: 0.043700 ms)

========================================================================
Received Prepare
Registering precompiled user dll's ...
Registered in 0.002545 seconds.
Begin MonoManager ReloadAssembly
Native extension for WindowsStandalone target not found
Refreshing native plugins compatible for Editor in 0.47 ms, found 1 plugins.
Preloading 0 native plugins for Editor in 0.00 ms.
Mono: successfully reloaded assembly
- Completed reload, in  0.799 seconds
Platform modules already initialized, skipping
Refreshing native plugins compatible for Editor in 0.48 ms, found 1 plugins.
Preloading 0 native plugins for Editor in 0.00 ms.
Unloading 2650 Unused Serialized files (Serialized files now loaded: 0)
System memory in use before: 98.7 MB.
System memory in use after: 98.9 MB.

Unloading 10 unused Assets to reduce memory usage. Loaded Objects now: 3142.
Total: 2.813500 ms (FindLiveObjects: 0.363200 ms CreateObjectMapping: 0.170000 ms MarkObjects: 2.222800 ms  DeleteObjects: 0.055700 ms)

========================================================================
Received Prepare
Registering precompiled user dll's ...
Registered in 0.002554 seconds.
Begin MonoManager ReloadAssembly
Native extension for WindowsStandalone target not found
Refreshing native plugins compatible for Editor in 0.90 ms, found 1 plugins.
Preloading 0 native plugins for Editor in 0.00 ms.
Mono: successfully reloaded assembly
- Completed reload, in  0.819 seconds
Platform modules already initialized, skipping
Refreshing native plugins compatible for Editor in 0.71 ms, found 1 plugins.
Preloading 0 native plugins for Editor in 0.00 ms.
Unloading 2650 Unused Serialized files (Serialized files now loaded: 0)
System memory in use before: 98.7 MB.
System memory in use after: 98.9 MB.

Unloading 10 unused Assets to reduce memory usage. Loaded Objects now: 3144.
Total: 3.301500 ms (FindLiveObjects: 0.464700 ms CreateObjectMapping: 0.283500 ms MarkObjects: 2.499900 ms  DeleteObjects: 0.052000 ms)

========================================================================
Received Prepare
Registering precompiled user dll's ...
Registered in 0.002637 seconds.
Begin MonoManager ReloadAssembly
Native extension for WindowsStandalone target not found
Refreshing native plugins compatible for Editor in 0.44 ms, found 1 plugins.
Preloading 0 native plugins for Editor in 0.00 ms.
Mono: successfully reloaded assembly
- Completed reload, in  0.761 seconds
Platform modules already initialized, skipping
Refreshing native plugins compatible for Editor in 0.76 ms, found 1 plugins.
Preloading 0 native plugins for Editor in 0.00 ms.
Unloading 2650 Unused Serialized files (Serialized files now loaded: 0)
System memory in use before: 98.7 MB.
System memory in use after: 98.9 MB.

Unloading 10 unused Assets to reduce memory usage. Loaded Objects now: 3146.
Total: 3.055800 ms (FindLiveObjects: 0.315500 ms CreateObjectMapping: 0.175700 ms MarkObjects: 2.500700 ms  DeleteObjects: 0.062400 ms)

========================================================================
Received Prepare
Registering precompiled user dll's ...
Registered in 0.002565 seconds.
Begin MonoManager ReloadAssembly
Native extension for WindowsStandalone target not found
Refreshing native plugins compatible for Editor in 0.47 ms, found 1 plugins.
Preloading 0 native plugins for Editor in 0.00 ms.
Mono: successfully reloaded assembly
- Completed reload, in  0.746 seconds
Platform modules already initialized, skipping
Refreshing native plugins compatible for Editor in 0.54 ms, found 1 plugins.
Preloading 0 native plugins for Editor in 0.00 ms.
Unloading 2650 Unused Serialized files (Serialized files now loaded: 0)
System memory in use before: 98.7 MB.
System memory in use after: 98.9 MB.

Unloading 10 unused Assets to reduce memory usage. Loaded Objects now: 3148.
Total: 2.062800 ms (FindLiveObjects: 0.279000 ms CreateObjectMapping: 0.122900 ms MarkObjects: 1.611200 ms  DeleteObjects: 0.048500 ms)

========================================================================
Received Prepare
Registering precompiled user dll's ...
Registered in 0.002536 seconds.
Begin MonoManager ReloadAssembly
Native extension for WindowsStandalone target not found
Refreshing native plugins compatible for Editor in 0.45 ms, found 1 plugins.
Preloading 0 native plugins for Editor in 0.00 ms.
Mono: successfully reloaded assembly
- Completed reload, in  0.783 seconds
Platform modules already initialized, skipping
Refreshing native plugins compatible for Editor in 0.48 ms, found 1 plugins.
Preloading 0 native plugins for Editor in 0.00 ms.
Unloading 2650 Unused Serialized files (Serialized files now loaded: 0)
System memory in use before: 98.7 MB.
System memory in use after: 98.9 MB.

Unloading 10 unused Assets to reduce memory usage. Loaded Objects now: 3150.
Total: 3.108800 ms (FindLiveObjects: 0.390400 ms CreateObjectMapping: 0.197200 ms MarkObjects: 2.466100 ms  DeleteObjects: 0.053500 ms)

========================================================================
Received Prepare
Registering precompiled user dll's ...
Registered in 0.002750 seconds.
Begin MonoManager ReloadAssembly
Native extension for WindowsStandalone target not found
Refreshing native plugins compatible for Editor in 0.46 ms, found 1 plugins.
Preloading 0 native plugins for Editor in 0.00 ms.
Mono: successfully reloaded assembly
- Completed reload, in  0.799 seconds
Platform modules already initialized, skipping
Refreshing native plugins compatible for Editor in 0.44 ms, found 1 plugins.
Preloading 0 native plugins for Editor in 0.00 ms.
Unloading 2650 Unused Serialized files (Serialized files now loaded: 0)
System memory in use before: 98.7 MB.
System memory in use after: 98.9 MB.

Unloading 10 unused Assets to reduce memory usage. Loaded Objects now: 3152.
Total: 1.994500 ms (FindLiveObjects: 0.316500 ms CreateObjectMapping: 0.150000 ms MarkObjects: 1.452200 ms  DeleteObjects: 0.074300 ms)

========================================================================
Received Prepare
Registering precompiled user dll's ...
Registered in 0.002725 seconds.
Begin MonoManager ReloadAssembly
Native extension for WindowsStandalone target not found
Refreshing native plugins compatible for Editor in 0.44 ms, found 1 plugins.
Preloading 0 native plugins for Editor in 0.00 ms.
Mono: successfully reloaded assembly
- Completed reload, in  0.774 seconds
Platform modules already initialized, skipping
Refreshing native plugins compatible for Editor in 0.60 ms, found 1 plugins.
Preloading 0 native plugins for Editor in 0.00 ms.
Unloading 2650 Unused Serialized files (Serialized files now loaded: 0)
System memory in use before: 98.8 MB.
System memory in use after: 99.0 MB.

Unloading 10 unused Assets to reduce memory usage. Loaded Objects now: 3154.
Total: 2.355600 ms (FindLiveObjects: 0.313300 ms CreateObjectMapping: 0.144000 ms MarkObjects: 1.848700 ms  DeleteObjects: 0.048500 ms)

========================================================================
Received Prepare
Registering precompiled user dll's ...
Registered in 0.002597 seconds.
Begin MonoManager ReloadAssembly
Native extension for WindowsStandalone target not found
Refreshing native plugins compatible for Editor in 0.45 ms, found 1 plugins.
Preloading 0 native plugins for Editor in 0.00 ms.
Mono: successfully reloaded assembly
- Completed reload, in  0.753 seconds
Platform modules already initialized, skipping
Refreshing native plugins compatible for Editor in 0.44 ms, found 1 plugins.
Preloading 0 native plugins for Editor in 0.00 ms.
Unloading 2650 Unused Serialized files (Serialized files now loaded: 0)
System memory in use before: 98.8 MB.
System memory in use after: 99.0 MB.

Unloading 10 unused Assets to reduce memory usage. Loaded Objects now: 3156.
Total: 1.786800 ms (FindLiveObjects: 0.218500 ms CreateObjectMapping: 0.123100 ms MarkObjects: 1.387900 ms  DeleteObjects: 0.056500 ms)

========================================================================
Received Prepare
Registering precompiled user dll's ...
Registered in 0.002610 seconds.
Begin MonoManager ReloadAssembly
Native extension for WindowsStandalone target not found
Refreshing native plugins compatible for Editor in 0.46 ms, found 1 plugins.
Preloading 0 native plugins for Editor in 0.00 ms.
Mono: successfully reloaded assembly
- Completed reload, in  0.777 seconds
Platform modules already initialized, skipping
Refreshing native plugins compatible for Editor in 0.51 ms, found 1 plugins.
Preloading 0 native plugins for Editor in 0.00 ms.
Unloading 2650 Unused Serialized files (Serialized files now loaded: 0)
System memory in use before: 98.8 MB.
System memory in use after: 99.0 MB.

Unloading 10 unused Assets to reduce memory usage. Loaded Objects now: 3158.
Total: 3.535100 ms (FindLiveObjects: 0.384400 ms CreateObjectMapping: 0.215600 ms MarkObjects: 2.860200 ms  DeleteObjects: 0.072900 ms)

========================================================================
Received Prepare
Registering precompiled user dll's ...
Registered in 0.002540 seconds.
Begin MonoManager ReloadAssembly
Native extension for WindowsStandalone target not found
Refreshing native plugins compatible for Editor in 0.51 ms, found 1 plugins.
Preloading 0 native plugins for Editor in 0.00 ms.
Mono: successfully reloaded assembly
- Completed reload, in  0.898 seconds
Platform modules already initialized, skipping
Refreshing native plugins compatible for Editor in 0.75 ms, found 1 plugins.
Preloading 0 native plugins for Editor in 0.00 ms.
Unloading 2650 Unused Serialized files (Serialized files now loaded: 0)
System memory in use before: 98.8 MB.
System memory in use after: 99.0 MB.

Unloading 10 unused Assets to reduce memory usage. Loaded Objects now: 3160.
Total: 2.938600 ms (FindLiveObjects: 0.415500 ms CreateObjectMapping: 0.213400 ms MarkObjects: 2.251900 ms  DeleteObjects: 0.056500 ms)

========================================================================
Received Prepare
Registering precompiled user dll's ...
Registered in 0.002695 seconds.
Begin MonoManager ReloadAssembly
Native extension for WindowsStandalone target not found
Refreshing native plugins compatible for Editor in 0.46 ms, found 1 plugins.
Preloading 0 native plugins for Editor in 0.00 ms.
Mono: successfully reloaded assembly
- Completed reload, in  0.753 seconds
Platform modules already initialized, skipping
Refreshing native plugins compatible for Editor in 0.57 ms, found 1 plugins.
Preloading 0 native plugins for Editor in 0.00 ms.
Unloading 2650 Unused Serialized files (Serialized files now loaded: 0)
System memory in use before: 98.8 MB.
System memory in use after: 99.0 MB.

Unloading 10 unused Assets to reduce memory usage. Loaded Objects now: 3162.
Total: 2.797000 ms (FindLiveObjects: 0.371900 ms CreateObjectMapping: 0.205700 ms MarkObjects: 2.161000 ms  DeleteObjects: 0.057000 ms)

========================================================================
Received Prepare
Registering precompiled user dll's ...
Registered in 0.003137 seconds.
Begin MonoManager ReloadAssembly
Failed loading assembly Library/ScriptAssemblies/Assembly-CSharp.dll reason: File does not contain a valid CIL image
Loading assembly failed: "Library/ScriptAssemblies/Assembly-CSharp.dll" reason: File does not contain a valid CIL image

Native extension for WindowsStandalone target not found
Refreshing native plugins compatible for Editor in 0.48 ms, found 1 plugins.
Preloading 0 native plugins for Editor in 0.00 ms.
Mono: successfully reloaded assembly
- Completed reload, in  0.815 seconds
Platform modules already initialized, skipping
Assertion failed on expression: 'reloadOk'

Refreshing native plugins compatible for Editor in 0.48 ms, found 1 plugins.
Preloading 0 native plugins for Editor in 0.00 ms.
Unloading 2650 Unused Serialized files (Serialized files now loaded: 0)
System memory in use before: 98.9 MB.
System memory in use after: 99.1 MB.

Unloading 10 unused Assets to reduce memory usage. Loaded Objects now: 3164.
Total: 1.933000 ms (FindLiveObjects: 0.219600 ms CreateObjectMapping: 0.122800 ms MarkObjects: 1.520300 ms  DeleteObjects: 0.069000 ms)

========================================================================
Received Prepare
Registering precompiled user dll's ...
Registered in 0.002577 seconds.
Begin MonoManager ReloadAssembly
Native extension for WindowsStandalone target not found
Refreshing native plugins compatible for Editor in 0.48 ms, found 1 plugins.
Preloading 0 native plugins for Editor in 0.00 ms.
Mono: successfully reloaded assembly
- Completed reload, in  0.784 seconds
Platform modules already initialized, skipping
Refreshing native plugins compatible for Editor in 0.73 ms, found 1 plugins.
Preloading 0 native plugins for Editor in 0.00 ms.
Unloading 2650 Unused Serialized files (Serialized files now loaded: 0)
System memory in use before: 98.9 MB.
System memory in use after: 99.1 MB.

Unloading 10 unused Assets to reduce memory usage. Loaded Objects now: 3166.
Total: 2.137400 ms (FindLiveObjects: 0.329400 ms CreateObjectMapping: 0.161600 ms MarkObjects: 1.597600 ms  DeleteObjects: 0.047400 ms)

========================================================================
Received Prepare
Registering precompiled user dll's ...
Registered in 0.002544 seconds.
Begin MonoManager ReloadAssembly
Native extension for WindowsStandalone target not found
Refreshing native plugins compatible for Editor in 0.47 ms, found 1 plugins.
Preloading 0 native plugins for Editor in 0.00 ms.
Mono: successfully reloaded assembly
- Completed reload, in  0.754 seconds
Platform modules already initialized, skipping
Refreshing native plugins compatible for Editor in 0.67 ms, found 1 plugins.
Preloading 0 native plugins for Editor in 0.00 ms.
Unloading 2650 Unused Serialized files (Serialized files now loaded: 0)
System memory in use before: 98.9 MB.
System memory in use after: 99.1 MB.

Unloading 10 unused Assets to reduce memory usage. Loaded Objects now: 3168.
Total: 3.043000 ms (FindLiveObjects: 0.362200 ms CreateObjectMapping: 0.152700 ms MarkObjects: 2.464100 ms  DeleteObjects: 0.062200 ms)

========================================================================
Received Prepare
Registering precompiled user dll's ...
Registered in 0.002798 seconds.
Begin MonoManager ReloadAssembly
Native extension for WindowsStandalone target not found
Refreshing native plugins compatible for Editor in 0.68 ms, found 1 plugins.
Preloading 0 native plugins for Editor in 0.00 ms.
Mono: successfully reloaded assembly
- Completed reload, in  0.771 seconds
Platform modules already initialized, skipping
Refreshing native plugins compatible for Editor in 0.75 ms, found 1 plugins.
Preloading 0 native plugins for Editor in 0.00 ms.
Unloading 2650 Unused Serialized files (Serialized files now loaded: 0)
System memory in use before: 98.9 MB.
System memory in use after: 99.1 MB.

Unloading 10 unused Assets to reduce memory usage. Loaded Objects now: 3170.
Total: 1.894900 ms (FindLiveObjects: 0.216100 ms CreateObjectMapping: 0.126700 ms MarkObjects: 1.493700 ms  DeleteObjects: 0.057600 ms)

========================================================================
Received Prepare
Registering precompiled user dll's ...
Registered in 0.002682 seconds.
Begin MonoManager ReloadAssembly
Native extension for WindowsStandalone target not found
Refreshing native plugins compatible for Editor in 0.44 ms, found 1 plugins.
Preloading 0 native plugins for Editor in 0.00 ms.
Mono: successfully reloaded assembly
- Completed reload, in  0.761 seconds
Platform modules already initialized, skipping
Refreshing native plugins compatible for Editor in 0.69 ms, found 1 plugins.
Preloading 0 native plugins for Editor in 0.00 ms.
Unloading 2650 Unused Serialized files (Serialized files now loaded: 0)
System memory in use before: 98.9 MB.
System memory in use after: 99.1 MB.

Unloading 10 unused Assets to reduce memory usage. Loaded Objects now: 3172.
Total: 1.918600 ms (FindLiveObjects: 0.316900 ms CreateObjectMapping: 0.127000 ms MarkObjects: 1.426800 ms  DeleteObjects: 0.046800 ms)

========================================================================
Received Import Request.
  Time since last request: 1060.066443 seconds.
  path: Assets/Scripts/Player/PlayerController.cs
  artifactKey: Guid(e0223e5f9400e8a459fa721ac03551f4) Importer(815301076,1909f56bfc062723c751e8b465ee728b)
Start importing Assets/Scripts/Player/PlayerController.cs using Guid(e0223e5f9400e8a459fa721ac03551f4) Importer(815301076,1909f56bfc062723c751e8b465ee728b)  -> (artifact id: '02d5b187aca46ff331c7d22819e1281e') in 0.005568 seconds 
========================================================================
Received Prepare
Registering precompiled user dll's ...
Registered in 0.002640 seconds.
Begin MonoManager ReloadAssembly
Native extension for WindowsStandalone target not found
Refreshing native plugins compatible for Editor in 0.43 ms, found 1 plugins.
Preloading 0 native plugins for Editor in 0.00 ms.
Mono: successfully reloaded assembly
- Completed reload, in  0.816 seconds
Platform modules already initialized, skipping
Refreshing native plugins compatible for Editor in 0.44 ms, found 1 plugins.
Preloading 0 native plugins for Editor in 0.00 ms.
Unloading 2650 Unused Serialized files (Serialized files now loaded: 0)
System memory in use before: 98.9 MB.
System memory in use after: 99.1 MB.

Unloading 10 unused Assets to reduce memory usage. Loaded Objects now: 3174.
Total: 2.059700 ms (FindLiveObjects: 0.220500 ms CreateObjectMapping: 0.121400 ms MarkObjects: 1.647000 ms  DeleteObjects: 0.069300 ms)

========================================================================
Received Prepare
Registering precompiled user dll's ...
Registered in 0.002593 seconds.
Begin MonoManager ReloadAssembly
Native extension for WindowsStandalone target not found
Refreshing native plugins compatible for Editor in 0.45 ms, found 1 plugins.
Preloading 0 native plugins for Editor in 0.00 ms.
Mono: successfully reloaded assembly
- Completed reload, in  0.753 seconds
Platform modules already initialized, skipping
Refreshing native plugins compatible for Editor in 0.69 ms, found 1 plugins.
Preloading 0 native plugins for Editor in 0.00 ms.
Unloading 2650 Unused Serialized files (Serialized files now loaded: 0)
System memory in use before: 98.9 MB.
System memory in use after: 99.1 MB.

Unloading 10 unused Assets to reduce memory usage. Loaded Objects now: 3176.
Total: 2.776100 ms (FindLiveObjects: 0.329500 ms CreateObjectMapping: 0.175700 ms MarkObjects: 2.209700 ms  DeleteObjects: 0.060000 ms)

========================================================================
Received Prepare
Registering precompiled user dll's ...
Registered in 0.002796 seconds.
Begin MonoManager ReloadAssembly
Native extension for WindowsStandalone target not found
Refreshing native plugins compatible for Editor in 0.43 ms, found 1 plugins.
Preloading 0 native plugins for Editor in 0.00 ms.
Mono: successfully reloaded assembly
- Completed reload, in  0.810 seconds
Platform modules already initialized, skipping
Refreshing native plugins compatible for Editor in 0.68 ms, found 1 plugins.
Preloading 0 native plugins for Editor in 0.00 ms.
Unloading 2650 Unused Serialized files (Serialized files now loaded: 0)
System memory in use before: 98.9 MB.
System memory in use after: 99.1 MB.

Unloading 10 unused Assets to reduce memory usage. Loaded Objects now: 3178.
Total: 2.758200 ms (FindLiveObjects: 0.330600 ms CreateObjectMapping: 0.192700 ms MarkObjects: 2.188700 ms  DeleteObjects: 0.045100 ms)

========================================================================
Received Prepare
Registering precompiled user dll's ...
Registered in 0.002871 seconds.
Begin MonoManager ReloadAssembly
Native extension for WindowsStandalone target not found
Refreshing native plugins compatible for Editor in 0.45 ms, found 1 plugins.
Preloading 0 native plugins for Editor in 0.00 ms.
Mono: successfully reloaded assembly
- Completed reload, in  0.767 seconds
Platform modules already initialized, skipping
Refreshing native plugins compatible for Editor in 0.79 ms, found 1 plugins.
Preloading 0 native plugins for Editor in 0.00 ms.
Unloading 2650 Unused Serialized files (Serialized files now loaded: 0)
System memory in use before: 98.9 MB.
System memory in use after: 99.1 MB.

Unloading 10 unused Assets to reduce memory usage. Loaded Objects now: 3180.
Total: 3.139100 ms (FindLiveObjects: 0.381100 ms CreateObjectMapping: 0.208700 ms MarkObjects: 2.481700 ms  DeleteObjects: 0.065600 ms)

========================================================================
Received Prepare
Registering precompiled user dll's ...
Registered in 0.002566 seconds.
Begin MonoManager ReloadAssembly
Native extension for WindowsStandalone target not found
Refreshing native plugins compatible for Editor in 0.47 ms, found 1 plugins.
Preloading 0 native plugins for Editor in 0.00 ms.
Mono: successfully reloaded assembly
- Completed reload, in  0.773 seconds
Platform modules already initialized, skipping
Refreshing native plugins compatible for Editor in 0.64 ms, found 1 plugins.
Preloading 0 native plugins for Editor in 0.00 ms.
Unloading 2650 Unused Serialized files (Serialized files now loaded: 0)
System memory in use before: 99.0 MB.
System memory in use after: 99.2 MB.

Unloading 10 unused Assets to reduce memory usage. Loaded Objects now: 3182.
Total: 3.026700 ms (FindLiveObjects: 0.309200 ms CreateObjectMapping: 0.141400 ms MarkObjects: 2.512200 ms  DeleteObjects: 0.062700 ms)

========================================================================
Received Prepare
Registering precompiled user dll's ...
Registered in 0.002874 seconds.
Begin MonoManager ReloadAssembly
Native extension for WindowsStandalone target not found
Refreshing native plugins compatible for Editor in 0.45 ms, found 1 plugins.
Preloading 0 native plugins for Editor in 0.00 ms.
Mono: successfully reloaded assembly
- Completed reload, in  0.896 seconds
Platform modules already initialized, skipping
Refreshing native plugins compatible for Editor in 0.76 ms, found 1 plugins.
Preloading 0 native plugins for Editor in 0.00 ms.
Unloading 2650 Unused Serialized files (Serialized files now loaded: 0)
System memory in use before: 99.0 MB.
System memory in use after: 99.2 MB.

Unloading 10 unused Assets to reduce memory usage. Loaded Objects now: 3184.
Total: 3.143500 ms (FindLiveObjects: 0.415900 ms CreateObjectMapping: 0.245000 ms MarkObjects: 2.435700 ms  DeleteObjects: 0.045600 ms)

========================================================================
Received Prepare
Registering precompiled user dll's ...
Registered in 0.002536 seconds.
Begin MonoManager ReloadAssembly
Native extension for WindowsStandalone target not found
Refreshing native plugins compatible for Editor in 0.46 ms, found 1 plugins.
Preloading 0 native plugins for Editor in 0.00 ms.
Mono: successfully reloaded assembly
- Completed reload, in  0.753 seconds
Platform modules already initialized, skipping
Refreshing native plugins compatible for Editor in 0.46 ms, found 1 plugins.
Preloading 0 native plugins for Editor in 0.00 ms.
Unloading 2650 Unused Serialized files (Serialized files now loaded: 0)
System memory in use before: 99.0 MB.
System memory in use after: 99.2 MB.

Unloading 10 unused Assets to reduce memory usage. Loaded Objects now: 3186.
Total: 4.039300 ms (FindLiveObjects: 0.416900 ms CreateObjectMapping: 0.251900 ms MarkObjects: 3.294000 ms  DeleteObjects: 0.073700 ms)

========================================================================
Received Prepare
Registering precompiled user dll's ...
Registered in 0.003676 seconds.
Begin MonoManager ReloadAssembly
Native extension for WindowsStandalone target not found
Refreshing native plugins compatible for Editor in 0.46 ms, found 1 plugins.
Preloading 0 native plugins for Editor in 0.00 ms.
Mono: successfully reloaded assembly
- Completed reload, in  0.759 seconds
Platform modules already initialized, skipping
Refreshing native plugins compatible for Editor in 0.51 ms, found 1 plugins.
Preloading 0 native plugins for Editor in 0.00 ms.
Unloading 2650 Unused Serialized files (Serialized files now loaded: 0)
System memory in use before: 99.0 MB.
System memory in use after: 99.2 MB.

Unloading 10 unused Assets to reduce memory usage. Loaded Objects now: 3188.
Total: 2.811800 ms (FindLiveObjects: 0.308800 ms CreateObjectMapping: 0.324300 ms MarkObjects: 2.128700 ms  DeleteObjects: 0.047300 ms)

========================================================================
Received Prepare
Registering precompiled user dll's ...
Registered in 0.003403 seconds.
Begin MonoManager ReloadAssembly
Native extension for WindowsStandalone target not found
Refreshing native plugins compatible for Editor in 0.46 ms, found 1 plugins.
Preloading 0 native plugins for Editor in 0.00 ms.
Mono: successfully reloaded assembly
- Completed reload, in  0.853 seconds
Platform modules already initialized, skipping
Refreshing native plugins compatible for Editor in 0.44 ms, found 1 plugins.
Preloading 0 native plugins for Editor in 0.00 ms.
Unloading 2650 Unused Serialized files (Serialized files now loaded: 0)
System memory in use before: 99.0 MB.
System memory in use after: 99.2 MB.

Unloading 10 unused Assets to reduce memory usage. Loaded Objects now: 3190.
Total: 2.340600 ms (FindLiveObjects: 0.438700 ms CreateObjectMapping: 0.129900 ms MarkObjects: 1.727200 ms  DeleteObjects: 0.043700 ms)

========================================================================
Received Prepare
Registering precompiled user dll's ...
Registered in 0.002545 seconds.
Begin MonoManager ReloadAssembly
Native extension for WindowsStandalone target not found
Refreshing native plugins compatible for Editor in 0.47 ms, found 1 plugins.
Preloading 0 native plugins for Editor in 0.00 ms.
Mono: successfully reloaded assembly
- Completed reload, in  0.743 seconds
Platform modules already initialized, skipping
Refreshing native plugins compatible for Editor in 1.12 ms, found 1 plugins.
Preloading 0 native plugins for Editor in 0.00 ms.
Unloading 2650 Unused Serialized files (Serialized files now loaded: 0)
System memory in use before: 99.0 MB.
System memory in use after: 99.2 MB.

Unloading 10 unused Assets to reduce memory usage. Loaded Objects now: 3192.
Total: 1.980400 ms (FindLiveObjects: 0.231100 ms CreateObjectMapping: 0.122200 ms MarkObjects: 1.576400 ms  DeleteObjects: 0.049300 ms)

========================================================================
Received Prepare
Registering precompiled user dll's ...
Registered in 0.002492 seconds.
Begin MonoManager ReloadAssembly
Native extension for WindowsStandalone target not found
Refreshing native plugins compatible for Editor in 0.44 ms, found 1 plugins.
Preloading 0 native plugins for Editor in 0.00 ms.
Mono: successfully reloaded assembly
- Completed reload, in  0.746 seconds
Platform modules already initialized, skipping
Refreshing native plugins compatible for Editor in 0.47 ms, found 1 plugins.
Preloading 0 native plugins for Editor in 0.00 ms.
Unloading 2650 Unused Serialized files (Serialized files now loaded: 0)
System memory in use before: 99.0 MB.
System memory in use after: 99.2 MB.

Unloading 10 unused Assets to reduce memory usage. Loaded Objects now: 3194.
Total: 2.168500 ms (FindLiveObjects: 0.292700 ms CreateObjectMapping: 0.130300 ms MarkObjects: 1.697600 ms  DeleteObjects: 0.046700 ms)

========================================================================
Received Prepare
Registering precompiled user dll's ...
Registered in 0.002501 seconds.
Begin MonoManager ReloadAssembly
Native extension for WindowsStandalone target not found
Refreshing native plugins compatible for Editor in 0.46 ms, found 1 plugins.
Preloading 0 native plugins for Editor in 0.00 ms.
Mono: successfully reloaded assembly
- Completed reload, in  0.770 seconds
Platform modules already initialized, skipping
Refreshing native plugins compatible for Editor in 0.71 ms, found 1 plugins.
Preloading 0 native plugins for Editor in 0.00 ms.
Unloading 2650 Unused Serialized files (Serialized files now loaded: 0)
System memory in use before: 99.0 MB.
System memory in use after: 99.2 MB.

Unloading 10 unused Assets to reduce memory usage. Loaded Objects now: 3196.
Total: 2.027700 ms (FindLiveObjects: 0.247400 ms CreateObjectMapping: 0.119200 ms MarkObjects: 1.611200 ms  DeleteObjects: 0.047700 ms)

========================================================================
Received Prepare
Registering precompiled user dll's ...
Registered in 0.002933 seconds.
Begin MonoManager ReloadAssembly
Native extension for WindowsStandalone target not found
Refreshing native plugins compatible for Editor in 0.45 ms, found 1 plugins.
Preloading 0 native plugins for Editor in 0.00 ms.
Mono: successfully reloaded assembly
- Completed reload, in  0.762 seconds
Platform modules already initialized, skipping
Refreshing native plugins compatible for Editor in 0.69 ms, found 1 plugins.
Preloading 0 native plugins for Editor in 0.00 ms.
Unloading 2650 Unused Serialized files (Serialized files now loaded: 0)
System memory in use before: 99.0 MB.
System memory in use after: 99.2 MB.

Unloading 10 unused Assets to reduce memory usage. Loaded Objects now: 3198.
Total: 2.714400 ms (FindLiveObjects: 0.328600 ms CreateObjectMapping: 0.183900 ms MarkObjects: 2.154500 ms  DeleteObjects: 0.046200 ms)

========================================================================
Received Prepare
Registering precompiled user dll's ...
Registered in 0.002488 seconds.
Begin MonoManager ReloadAssembly
Native extension for WindowsStandalone target not found
Refreshing native plugins compatible for Editor in 0.45 ms, found 1 plugins.
Preloading 0 native plugins for Editor in 0.00 ms.
Mono: successfully reloaded assembly
- Completed reload, in  0.753 seconds
Platform modules already initialized, skipping
Refreshing native plugins compatible for Editor in 0.44 ms, found 1 plugins.
Preloading 0 native plugins for Editor in 0.00 ms.
Unloading 2650 Unused Serialized files (Serialized files now loaded: 0)
System memory in use before: 99.0 MB.
System memory in use after: 99.2 MB.

Unloading 10 unused Assets to reduce memory usage. Loaded Objects now: 3200.
Total: 1.959600 ms (FindLiveObjects: 0.220000 ms CreateObjectMapping: 0.135100 ms MarkObjects: 1.561500 ms  DeleteObjects: 0.042500 ms)

========================================================================
Received Prepare
Registering precompiled user dll's ...
Registered in 0.002544 seconds.
Begin MonoManager ReloadAssembly
Native extension for WindowsStandalone target not found
Refreshing native plugins compatible for Editor in 0.48 ms, found 1 plugins.
Preloading 0 native plugins for Editor in 0.00 ms.
Mono: successfully reloaded assembly
- Completed reload, in  0.743 seconds
Platform modules already initialized, skipping
Refreshing native plugins compatible for Editor in 0.44 ms, found 1 plugins.
Preloading 0 native plugins for Editor in 0.00 ms.
Unloading 2650 Unused Serialized files (Serialized files now loaded: 0)
System memory in use before: 99.0 MB.
System memory in use after: 99.2 MB.

Unloading 10 unused Assets to reduce memory usage. Loaded Objects now: 3202.
Total: 2.219500 ms (FindLiveObjects: 0.332500 ms CreateObjectMapping: 0.181400 ms MarkObjects: 1.658900 ms  DeleteObjects: 0.045500 ms)

========================================================================
Received Prepare
Registering precompiled user dll's ...
Registered in 0.002819 seconds.
Begin MonoManager ReloadAssembly
Native extension for WindowsStandalone target not found
Refreshing native plugins compatible for Editor in 0.50 ms, found 1 plugins.
Preloading 0 native plugins for Editor in 0.00 ms.
Mono: successfully reloaded assembly
- Completed reload, in  0.881 seconds
Platform modules already initialized, skipping
Refreshing native plugins compatible for Editor in 0.83 ms, found 1 plugins.
Preloading 0 native plugins for Editor in 0.00 ms.
Unloading 2650 Unused Serialized files (Serialized files now loaded: 0)
System memory in use before: 99.0 MB.
System memory in use after: 99.2 MB.

Unloading 10 unused Assets to reduce memory usage. Loaded Objects now: 3204.
Total: 2.944800 ms (FindLiveObjects: 0.354800 ms CreateObjectMapping: 0.150700 ms MarkObjects: 2.389000 ms  DeleteObjects: 0.048500 ms)

========================================================================
Received Import Request.
  Time since last request: 1501.166255 seconds.
  path: Assets/Prefabs/Archers/Player (Archer).prefab
  artifactKey: Guid(8bfb66fb45517e24e9fb5d88cf17773a) Importer(815301076,1909f56bfc062723c751e8b465ee728b)
Start importing Assets/Prefabs/Archers/Player (Archer).prefab using Guid(8bfb66fb45517e24e9fb5d88cf17773a) Importer(815301076,1909f56bfc062723c751e8b465ee728b)  -> (artifact id: '002bbe24d003f8aacff33ef5ed0437a4') in 0.145645 seconds 
========================================================================
Received Import Request.
  Time since last request: 31.936490 seconds.
  path: Assets/Prefabs/Arrows/Arrow Blue.prefab
  artifactKey: Guid(f7c87ffceb17251479c4a022cc9a7936) Importer(815301076,1909f56bfc062723c751e8b465ee728b)
Start importing Assets/Prefabs/Arrows/Arrow Blue.prefab using Guid(f7c87ffceb17251479c4a022cc9a7936) Importer(815301076,1909f56bfc062723c751e8b465ee728b)  -> (artifact id: 'ee4e817bf4b6902746ecd938c8f6b026') in 0.020375 seconds 
========================================================================
Received Prepare
Registering precompiled user dll's ...
Registered in 0.002780 seconds.
Begin MonoManager ReloadAssembly
Native extension for WindowsStandalone target not found
Refreshing native plugins compatible for Editor in 0.47 ms, found 1 plugins.
Preloading 0 native plugins for Editor in 0.00 ms.
Mono: successfully reloaded assembly
- Completed reload, in  0.860 seconds
Platform modules already initialized, skipping
Refreshing native plugins compatible for Editor in 0.76 ms, found 1 plugins.
Preloading 0 native plugins for Editor in 0.00 ms.
Unloading 2650 Unused Serialized files (Serialized files now loaded: 0)
System memory in use before: 113.5 MB.
System memory in use after: 113.7 MB.

Unloading 10 unused Assets to reduce memory usage. Loaded Objects now: 3214.
Total: 2.504100 ms (FindLiveObjects: 0.229400 ms CreateObjectMapping: 0.119000 ms MarkObjects: 2.098800 ms  DeleteObjects: 0.055600 ms)

========================================================================
Received Import Request.
  Time since last request: 48.259826 seconds.
  path: Assets/Scripts/Player
  artifactKey: Guid(12921b3f22b484f468c6ed2dee0f05fd) Importer(815301076,1909f56bfc062723c751e8b465ee728b)
Start importing Assets/Scripts/Player using Guid(12921b3f22b484f468c6ed2dee0f05fd) Importer(815301076,1909f56bfc062723c751e8b465ee728b)  -> (artifact id: 'f0e07d03e0f769ff6de028a4c62bbf1b') in 0.009947 seconds 
========================================================================
Received Import Request.
  Time since last request: 30.205884 seconds.
  path: Assets/Scripts/ArrowController.cs
  artifactKey: Guid(448f13330f45f684caea8391e96c6c67) Importer(815301076,1909f56bfc062723c751e8b465ee728b)
Start importing Assets/Scripts/ArrowController.cs using Guid(448f13330f45f684caea8391e96c6c67) Importer(815301076,1909f56bfc062723c751e8b465ee728b)  -> (artifact id: 'c7d2065f3ab63917eb9764e27ce35f6d') in 0.005951 seconds 
========================================================================
Received Prepare
Registering precompiled user dll's ...
Registered in 0.002467 seconds.
Begin MonoManager ReloadAssembly
Native extension for WindowsStandalone target not found
Refreshing native plugins compatible for Editor in 0.43 ms, found 1 plugins.
Preloading 0 native plugins for Editor in 0.00 ms.
Mono: successfully reloaded assembly
- Completed reload, in  0.730 seconds
Platform modules already initialized, skipping
Refreshing native plugins compatible for Editor in 0.48 ms, found 1 plugins.
Preloading 0 native plugins for Editor in 0.00 ms.
Unloading 2650 Unused Serialized files (Serialized files now loaded: 0)
System memory in use before: 113.5 MB.
System memory in use after: 113.7 MB.

Unloading 10 unused Assets to reduce memory usage. Loaded Objects now: 3216.
Total: 3.088000 ms (FindLiveObjects: 0.329900 ms CreateObjectMapping: 0.162100 ms MarkObjects: 2.529700 ms  DeleteObjects: 0.065000 ms)

========================================================================
Received Import Request.
  Time since last request: 17.006174 seconds.
  path: Assets/Scripts/ArrowController.cs
  artifactKey: Guid(448f13330f45f684caea8391e96c6c67) Importer(815301076,1909f56bfc062723c751e8b465ee728b)
Start importing Assets/Scripts/ArrowController.cs using Guid(448f13330f45f684caea8391e96c6c67) Importer(815301076,1909f56bfc062723c751e8b465ee728b)  -> (artifact id: '97dc041aa5b8b287043f7dc016ad9510') in 0.004952 seconds 
========================================================================
Received Prepare
Registering precompiled user dll's ...
Registered in 0.002779 seconds.
Begin MonoManager ReloadAssembly
Native extension for WindowsStandalone target not found
Refreshing native plugins compatible for Editor in 0.46 ms, found 1 plugins.
Preloading 0 native plugins for Editor in 0.00 ms.
Mono: successfully reloaded assembly
- Completed reload, in  0.779 seconds
Platform modules already initialized, skipping
Refreshing native plugins compatible for Editor in 0.44 ms, found 1 plugins.
Preloading 0 native plugins for Editor in 0.00 ms.
Unloading 2650 Unused Serialized files (Serialized files now loaded: 0)
System memory in use before: 113.5 MB.
System memory in use after: 113.7 MB.

Unloading 10 unused Assets to reduce memory usage. Loaded Objects now: 3218.
Total: 2.080500 ms (FindLiveObjects: 0.341100 ms CreateObjectMapping: 0.168600 ms MarkObjects: 1.523500 ms  DeleteObjects: 0.046400 ms)

========================================================================
Received Prepare
Registering precompiled user dll's ...
Registered in 0.002806 seconds.
Begin MonoManager ReloadAssembly
Native extension for WindowsStandalone target not found
Refreshing native plugins compatible for Editor in 0.44 ms, found 1 plugins.
Preloading 0 native plugins for Editor in 0.00 ms.
Mono: successfully reloaded assembly
- Completed reload, in  0.749 seconds
Platform modules already initialized, skipping
Refreshing native plugins compatible for Editor in 0.73 ms, found 1 plugins.
Preloading 0 native plugins for Editor in 0.00 ms.
Unloading 2650 Unused Serialized files (Serialized files now loaded: 0)
System memory in use before: 113.5 MB.
System memory in use after: 113.7 MB.

Unloading 10 unused Assets to reduce memory usage. Loaded Objects now: 3220.
Total: 2.626500 ms (FindLiveObjects: 0.342100 ms CreateObjectMapping: 0.176900 ms MarkObjects: 2.046300 ms  DeleteObjects: 0.060300 ms)

========================================================================
Received Import Request.
  Time since last request: 101.208470 seconds.
  path: Assets/Scripts/ArrowController.cs
  artifactKey: Guid(448f13330f45f684caea8391e96c6c67) Importer(815301076,1909f56bfc062723c751e8b465ee728b)
Start importing Assets/Scripts/ArrowController.cs using Guid(448f13330f45f684caea8391e96c6c67) Importer(815301076,1909f56bfc062723c751e8b465ee728b)  -> (artifact id: '2fa7010b65b5a145726813f94524ff9d') in 0.006247 seconds 
========================================================================
Received Prepare
Registering precompiled user dll's ...
Registered in 0.002612 seconds.
Begin MonoManager ReloadAssembly
Native extension for WindowsStandalone target not found
Refreshing native plugins compatible for Editor in 0.44 ms, found 1 plugins.
Preloading 0 native plugins for Editor in 0.00 ms.
Mono: successfully reloaded assembly
- Completed reload, in  0.736 seconds
Platform modules already initialized, skipping
Refreshing native plugins compatible for Editor in 0.47 ms, found 1 plugins.
Preloading 0 native plugins for Editor in 0.00 ms.
Unloading 2650 Unused Serialized files (Serialized files now loaded: 0)
System memory in use before: 113.5 MB.
System memory in use after: 113.7 MB.

Unloading 10 unused Assets to reduce memory usage. Loaded Objects now: 3222.
Total: 2.153200 ms (FindLiveObjects: 0.338800 ms CreateObjectMapping: 0.183900 ms MarkObjects: 1.581700 ms  DeleteObjects: 0.047500 ms)

========================================================================
Received Import Request.
  Time since last request: 221.431711 seconds.
  path: Assets/Prefabs/Arrows/Arrow Blue.prefab
  artifactKey: Guid(f7c87ffceb17251479c4a022cc9a7936) Importer(815301076,1909f56bfc062723c751e8b465ee728b)
Start importing Assets/Prefabs/Arrows/Arrow Blue.prefab using Guid(f7c87ffceb17251479c4a022cc9a7936) Importer(815301076,1909f56bfc062723c751e8b465ee728b)  -> (artifact id: 'a06ad1188e4d4b9ce72fc7d00bfed629') in 0.054380 seconds 
========================================================================
Received Prepare
Registering precompiled user dll's ...
Registered in 0.003712 seconds.
Begin MonoManager ReloadAssembly
Native extension for WindowsStandalone target not found
Refreshing native plugins compatible for Editor in 0.43 ms, found 1 plugins.
Preloading 0 native plugins for Editor in 0.00 ms.
Mono: successfully reloaded assembly
- Completed reload, in  0.842 seconds
Platform modules already initialized, skipping
Refreshing native plugins compatible for Editor in 1.06 ms, found 1 plugins.
Preloading 0 native plugins for Editor in 0.00 ms.
Unloading 2650 Unused Serialized files (Serialized files now loaded: 0)
System memory in use before: 113.5 MB.
System memory in use after: 113.7 MB.

Unloading 10 unused Assets to reduce memory usage. Loaded Objects now: 3225.
Total: 4.284900 ms (FindLiveObjects: 0.538500 ms CreateObjectMapping: 0.413800 ms MarkObjects: 3.249800 ms  DeleteObjects: 0.079700 ms)

========================================================================
Received Prepare
Registering precompiled user dll's ...
Registered in 0.002690 seconds.
Begin MonoManager ReloadAssembly
Native extension for WindowsStandalone target not found
Refreshing native plugins compatible for Editor in 0.45 ms, found 1 plugins.
Preloading 0 native plugins for Editor in 0.00 ms.
Mono: successfully reloaded assembly
- Completed reload, in  0.800 seconds
Platform modules already initialized, skipping
Refreshing native plugins compatible for Editor in 0.73 ms, found 1 plugins.
Preloading 0 native plugins for Editor in 0.00 ms.
Unloading 2650 Unused Serialized files (Serialized files now loaded: 0)
System memory in use before: 113.5 MB.
System memory in use after: 113.7 MB.

Unloading 10 unused Assets to reduce memory usage. Loaded Objects now: 3227.
Total: 2.720000 ms (FindLiveObjects: 0.390000 ms CreateObjectMapping: 0.231100 ms MarkObjects: 2.049300 ms  DeleteObjects: 0.048300 ms)

========================================================================
Received Prepare
Registering precompiled user dll's ...
Registered in 0.002517 seconds.
Begin MonoManager ReloadAssembly
Native extension for WindowsStandalone target not found
Refreshing native plugins compatible for Editor in 0.43 ms, found 1 plugins.
Preloading 0 native plugins for Editor in 0.00 ms.
Mono: successfully reloaded assembly
- Completed reload, in  0.764 seconds
Platform modules already initialized, skipping
Refreshing native plugins compatible for Editor in 0.51 ms, found 1 plugins.
Preloading 0 native plugins for Editor in 0.00 ms.
Unloading 2650 Unused Serialized files (Serialized files now loaded: 0)
System memory in use before: 113.5 MB.
System memory in use after: 113.7 MB.

Unloading 10 unused Assets to reduce memory usage. Loaded Objects now: 3229.
Total: 2.225700 ms (FindLiveObjects: 0.351700 ms CreateObjectMapping: 0.214000 ms MarkObjects: 1.611200 ms  DeleteObjects: 0.047400 ms)

========================================================================
Received Import Request.
  Time since last request: 595.236103 seconds.
  path: Assets/Scripts/VampireController.cs
  artifactKey: Guid(e7416ebd1b6a6e348a54499975515678) Importer(815301076,1909f56bfc062723c751e8b465ee728b)
Start importing Assets/Scripts/VampireController.cs using Guid(e7416ebd1b6a6e348a54499975515678) Importer(815301076,1909f56bfc062723c751e8b465ee728b)  -> (artifact id: '572fd7c487d38b9ec7209bf7446fc8ec') in 0.009822 seconds 
========================================================================
Received Prepare
Registering precompiled user dll's ...
Registered in 0.002620 seconds.
Begin MonoManager ReloadAssembly
Native extension for WindowsStandalone target not found
Refreshing native plugins compatible for Editor in 0.40 ms, found 1 plugins.
Preloading 0 native plugins for Editor in 0.00 ms.
Mono: successfully reloaded assembly
- Completed reload, in  0.818 seconds
Platform modules already initialized, skipping
Refreshing native plugins compatible for Editor in 0.73 ms, found 1 plugins.
Preloading 0 native plugins for Editor in 0.00 ms.
Unloading 2650 Unused Serialized files (Serialized files now loaded: 0)
System memory in use before: 113.5 MB.
System memory in use after: 113.7 MB.

Unloading 10 unused Assets to reduce memory usage. Loaded Objects now: 3231.
Total: 3.360300 ms (FindLiveObjects: 0.375200 ms CreateObjectMapping: 0.187700 ms MarkObjects: 2.731700 ms  DeleteObjects: 0.062600 ms)

========================================================================
Received Import Request.
  Time since last request: 214.501480 seconds.
  path: Assets/Scripts/VampireController.cs
  artifactKey: Guid(e7416ebd1b6a6e348a54499975515678) Importer(815301076,1909f56bfc062723c751e8b465ee728b)
Start importing Assets/Scripts/VampireController.cs using Guid(e7416ebd1b6a6e348a54499975515678) Importer(815301076,1909f56bfc062723c751e8b465ee728b)  -> (artifact id: '587561eca190d7952c842d4851f0a431') in 0.007456 seconds 
========================================================================
Received Import Request.
  Time since last request: 42.220495 seconds.
  path: Assets/Scripts/VampireController.cs
  artifactKey: Guid(e7416ebd1b6a6e348a54499975515678) Importer(815301076,1909f56bfc062723c751e8b465ee728b)
Start importing Assets/Scripts/VampireController.cs using Guid(e7416ebd1b6a6e348a54499975515678) Importer(815301076,1909f56bfc062723c751e8b465ee728b)  -> (artifact id: 'c99ce7b6c56b69cb594e60ab43373a11') in 0.004155 seconds 
========================================================================
Received Prepare
Registering precompiled user dll's ...
Registered in 0.002467 seconds.
Begin MonoManager ReloadAssembly
Native extension for WindowsStandalone target not found
Refreshing native plugins compatible for Editor in 0.51 ms, found 1 plugins.
Preloading 0 native plugins for Editor in 0.00 ms.
Mono: successfully reloaded assembly
- Completed reload, in  0.839 seconds
Platform modules already initialized, skipping
Refreshing native plugins compatible for Editor in 0.44 ms, found 1 plugins.
Preloading 0 native plugins for Editor in 0.00 ms.
Unloading 2650 Unused Serialized files (Serialized files now loaded: 0)
System memory in use before: 113.5 MB.
System memory in use after: 113.7 MB.

Unloading 10 unused Assets to reduce memory usage. Loaded Objects now: 3233.
Total: 2.667500 ms (FindLiveObjects: 0.230200 ms CreateObjectMapping: 0.129900 ms MarkObjects: 2.230100 ms  DeleteObjects: 0.076200 ms)

========================================================================
Received Prepare
Registering precompiled user dll's ...
Registered in 0.002511 seconds.
Begin MonoManager ReloadAssembly
Native extension for WindowsStandalone target not found
Refreshing native plugins compatible for Editor in 0.45 ms, found 1 plugins.
Preloading 0 native plugins for Editor in 0.00 ms.
Mono: successfully reloaded assembly
- Completed reload, in  0.842 seconds
Platform modules already initialized, skipping
Refreshing native plugins compatible for Editor in 0.49 ms, found 1 plugins.
Preloading 0 native plugins for Editor in 0.00 ms.
Unloading 2650 Unused Serialized files (Serialized files now loaded: 0)
System memory in use before: 113.5 MB.
System memory in use after: 113.7 MB.

Unloading 10 unused Assets to reduce memory usage. Loaded Objects now: 3235.
Total: 2.138800 ms (FindLiveObjects: 0.246600 ms CreateObjectMapping: 0.107400 ms MarkObjects: 1.735300 ms  DeleteObjects: 0.047100 ms)

========================================================================
Received Prepare
Registering precompiled user dll's ...
Registered in 0.003908 seconds.
Begin MonoManager ReloadAssembly
Native extension for WindowsStandalone target not found
Refreshing native plugins compatible for Editor in 0.44 ms, found 1 plugins.
Preloading 0 native plugins for Editor in 0.00 ms.
Mono: successfully reloaded assembly
- Completed reload, in  0.762 seconds
Platform modules already initialized, skipping
Refreshing native plugins compatible for Editor in 0.49 ms, found 1 plugins.
Preloading 0 native plugins for Editor in 0.00 ms.
Unloading 2650 Unused Serialized files (Serialized files now loaded: 0)
System memory in use before: 113.5 MB.
System memory in use after: 113.7 MB.

Unloading 10 unused Assets to reduce memory usage. Loaded Objects now: 3237.
Total: 3.330000 ms (FindLiveObjects: 0.359200 ms CreateObjectMapping: 0.164900 ms MarkObjects: 2.739400 ms  DeleteObjects: 0.065100 ms)

========================================================================
Received Prepare
Registering precompiled user dll's ...
Registered in 0.002579 seconds.
Begin MonoManager ReloadAssembly
Native extension for WindowsStandalone target not found
Refreshing native plugins compatible for Editor in 0.45 ms, found 1 plugins.
Preloading 0 native plugins for Editor in 0.00 ms.
Mono: successfully reloaded assembly
- Completed reload, in  0.817 seconds
Platform modules already initialized, skipping
Refreshing native plugins compatible for Editor in 0.70 ms, found 1 plugins.
Preloading 0 native plugins for Editor in 0.00 ms.
Unloading 2650 Unused Serialized files (Serialized files now loaded: 0)
System memory in use before: 113.5 MB.
System memory in use after: 113.7 MB.

Unloading 10 unused Assets to reduce memory usage. Loaded Objects now: 3239.
Total: 8.087200 ms (FindLiveObjects: 1.723700 ms CreateObjectMapping: 0.259700 ms MarkObjects: 6.035900 ms  DeleteObjects: 0.066600 ms)

========================================================================
Received Prepare
Registering precompiled user dll's ...
Registered in 0.002650 seconds.
Begin MonoManager ReloadAssembly
Native extension for WindowsStandalone target not found
Refreshing native plugins compatible for Editor in 0.44 ms, found 1 plugins.
Preloading 0 native plugins for Editor in 0.00 ms.
Mono: successfully reloaded assembly
- Completed reload, in  0.751 seconds
Platform modules already initialized, skipping
Refreshing native plugins compatible for Editor in 0.70 ms, found 1 plugins.
Preloading 0 native plugins for Editor in 0.00 ms.
Unloading 2650 Unused Serialized files (Serialized files now loaded: 0)
System memory in use before: 113.5 MB.
System memory in use after: 113.7 MB.

Unloading 10 unused Assets to reduce memory usage. Loaded Objects now: 3241.
Total: 2.921600 ms (FindLiveObjects: 0.226500 ms CreateObjectMapping: 0.125500 ms MarkObjects: 2.514000 ms  DeleteObjects: 0.054600 ms)

========================================================================
Received Prepare
Registering precompiled user dll's ...
Registered in 0.002523 seconds.
Begin MonoManager ReloadAssembly
Native extension for WindowsStandalone target not found
Refreshing native plugins compatible for Editor in 0.45 ms, found 1 plugins.
Preloading 0 native plugins for Editor in 0.00 ms.
Mono: successfully reloaded assembly
- Completed reload, in  0.753 seconds
Platform modules already initialized, skipping
Refreshing native plugins compatible for Editor in 0.46 ms, found 1 plugins.
Preloading 0 native plugins for Editor in 0.00 ms.
Unloading 2650 Unused Serialized files (Serialized files now loaded: 0)
System memory in use before: 113.5 MB.
System memory in use after: 113.7 MB.

Unloading 10 unused Assets to reduce memory usage. Loaded Objects now: 3243.
Total: 2.097900 ms (FindLiveObjects: 0.331100 ms CreateObjectMapping: 0.153300 ms MarkObjects: 1.565100 ms  DeleteObjects: 0.046800 ms)

========================================================================
Received Prepare
Registering precompiled user dll's ...
Registered in 0.002886 seconds.
Begin MonoManager ReloadAssembly
Native extension for WindowsStandalone target not found
Refreshing native plugins compatible for Editor in 0.45 ms, found 1 plugins.
Preloading 0 native plugins for Editor in 0.00 ms.
Mono: successfully reloaded assembly
- Completed reload, in  0.737 seconds
Platform modules already initialized, skipping
Refreshing native plugins compatible for Editor in 0.79 ms, found 1 plugins.
Preloading 0 native plugins for Editor in 0.00 ms.
Unloading 2650 Unused Serialized files (Serialized files now loaded: 0)
System memory in use before: 113.5 MB.
System memory in use after: 113.7 MB.

Unloading 10 unused Assets to reduce memory usage. Loaded Objects now: 3245.
Total: 1.881700 ms (FindLiveObjects: 0.226800 ms CreateObjectMapping: 0.111600 ms MarkObjects: 1.498400 ms  DeleteObjects: 0.044000 ms)

========================================================================
Received Prepare
Registering precompiled user dll's ...
Registered in 0.002976 seconds.
Begin MonoManager ReloadAssembly
Native extension for WindowsStandalone target not found
Refreshing native plugins compatible for Editor in 0.65 ms, found 1 plugins.
Preloading 0 native plugins for Editor in 0.00 ms.
Mono: successfully reloaded assembly
- Completed reload, in  0.875 seconds
Platform modules already initialized, skipping
Refreshing native plugins compatible for Editor in 0.74 ms, found 1 plugins.
Preloading 0 native plugins for Editor in 0.00 ms.
Unloading 2650 Unused Serialized files (Serialized files now loaded: 0)
System memory in use before: 113.5 MB.
System memory in use after: 113.7 MB.

Unloading 10 unused Assets to reduce memory usage. Loaded Objects now: 3247.
Total: 2.640700 ms (FindLiveObjects: 0.721500 ms CreateObjectMapping: 0.206700 ms MarkObjects: 1.663200 ms  DeleteObjects: 0.047900 ms)

========================================================================
Received Import Request.
  Time since last request: 641.997506 seconds.
  path: Assets/Scripts/ArrowController.cs
  artifactKey: Guid(448f13330f45f684caea8391e96c6c67) Importer(815301076,1909f56bfc062723c751e8b465ee728b)
Start importing Assets/Scripts/ArrowController.cs using Guid(448f13330f45f684caea8391e96c6c67) Importer(815301076,1909f56bfc062723c751e8b465ee728b)  -> (artifact id: '4bcae12c3a9247716c82413743f85971') in 0.009644 seconds 
========================================================================
Received Import Request.
  Time since last request: 114.635899 seconds.
  path: Assets/Scripts/ArrowController.cs
  artifactKey: Guid(448f13330f45f684caea8391e96c6c67) Importer(815301076,1909f56bfc062723c751e8b465ee728b)
Start importing Assets/Scripts/ArrowController.cs using Guid(448f13330f45f684caea8391e96c6c67) Importer(815301076,1909f56bfc062723c751e8b465ee728b)  -> (artifact id: '9e197aa31aa5c113ca5c6c91ce55a23d') in 0.002683 seconds 
========================================================================
Received Prepare
Registering precompiled user dll's ...
Registered in 0.002894 seconds.
Begin MonoManager ReloadAssembly
Native extension for WindowsStandalone target not found
Refreshing native plugins compatible for Editor in 0.44 ms, found 1 plugins.
Preloading 0 native plugins for Editor in 0.00 ms.
Mono: successfully reloaded assembly
- Completed reload, in  0.773 seconds
Platform modules already initialized, skipping
Refreshing native plugins compatible for Editor in 0.51 ms, found 1 plugins.
Preloading 0 native plugins for Editor in 0.00 ms.
Unloading 2650 Unused Serialized files (Serialized files now loaded: 0)
System memory in use before: 113.6 MB.
System memory in use after: 113.8 MB.

Unloading 10 unused Assets to reduce memory usage. Loaded Objects now: 3249.
Total: 2.370400 ms (FindLiveObjects: 0.308100 ms CreateObjectMapping: 0.104200 ms MarkObjects: 1.897500 ms  DeleteObjects: 0.059400 ms)

========================================================================
Received Prepare
Registering precompiled user dll's ...
Registered in 0.002977 seconds.
Begin MonoManager ReloadAssembly
Native extension for WindowsStandalone target not found
Refreshing native plugins compatible for Editor in 0.48 ms, found 1 plugins.
Preloading 0 native plugins for Editor in 0.00 ms.
Mono: successfully reloaded assembly
- Completed reload, in  0.909 seconds
Platform modules already initialized, skipping
Refreshing native plugins compatible for Editor in 0.86 ms, found 1 plugins.
Preloading 0 native plugins for Editor in 0.00 ms.
Unloading 2650 Unused Serialized files (Serialized files now loaded: 0)
System memory in use before: 113.5 MB.
System memory in use after: 113.7 MB.

Unloading 10 unused Assets to reduce memory usage. Loaded Objects now: 3251.
Total: 2.737400 ms (FindLiveObjects: 0.394600 ms CreateObjectMapping: 0.208400 ms MarkObjects: 2.076600 ms  DeleteObjects: 0.055700 ms)

========================================================================
Received Import Request.
  Time since last request: 123.837529 seconds.
  path: Assets/Scripts/ArrowController.cs
  artifactKey: Guid(448f13330f45f684caea8391e96c6c67) Importer(815301076,1909f56bfc062723c751e8b465ee728b)
Start importing Assets/Scripts/ArrowController.cs using Guid(448f13330f45f684caea8391e96c6c67) Importer(815301076,1909f56bfc062723c751e8b465ee728b)  -> (artifact id: '88bf28d31623379b595046c222a5d100') in 0.005246 seconds 
========================================================================
Received Prepare
Registering precompiled user dll's ...
Registered in 0.003063 seconds.
Begin MonoManager ReloadAssembly
Native extension for WindowsStandalone target not found
Refreshing native plugins compatible for Editor in 0.49 ms, found 1 plugins.
Preloading 0 native plugins for Editor in 0.00 ms.
Mono: successfully reloaded assembly
- Completed reload, in  0.834 seconds
Platform modules already initialized, skipping
Refreshing native plugins compatible for Editor in 0.44 ms, found 1 plugins.
Preloading 0 native plugins for Editor in 0.00 ms.
Unloading 2650 Unused Serialized files (Serialized files now loaded: 0)
System memory in use before: 113.6 MB.
System memory in use after: 113.8 MB.

Unloading 10 unused Assets to reduce memory usage. Loaded Objects now: 3253.
Total: 2.665100 ms (FindLiveObjects: 0.406600 ms CreateObjectMapping: 0.188100 ms MarkObjects: 2.019300 ms  DeleteObjects: 0.050200 ms)

========================================================================
Received Prepare
Registering precompiled user dll's ...
Registered in 0.002672 seconds.
Begin MonoManager ReloadAssembly
Native extension for WindowsStandalone target not found
Refreshing native plugins compatible for Editor in 0.43 ms, found 1 plugins.
Preloading 0 native plugins for Editor in 0.00 ms.
Mono: successfully reloaded assembly
- Completed reload, in  0.875 seconds
Platform modules already initialized, skipping
Refreshing native plugins compatible for Editor in 0.73 ms, found 1 plugins.
Preloading 0 native plugins for Editor in 0.00 ms.
Unloading 2650 Unused Serialized files (Serialized files now loaded: 0)
System memory in use before: 113.6 MB.
System memory in use after: 113.8 MB.

Unloading 10 unused Assets to reduce memory usage. Loaded Objects now: 3255.
Total: 2.227200 ms (FindLiveObjects: 0.411400 ms CreateObjectMapping: 0.181700 ms MarkObjects: 1.586800 ms  DeleteObjects: 0.046200 ms)

========================================================================
Received Prepare
Registering precompiled user dll's ...
Registered in 0.002526 seconds.
Begin MonoManager ReloadAssembly
Native extension for WindowsStandalone target not found
Refreshing native plugins compatible for Editor in 0.44 ms, found 1 plugins.
Preloading 0 native plugins for Editor in 0.00 ms.
Mono: successfully reloaded assembly
- Completed reload, in  0.773 seconds
Platform modules already initialized, skipping
Refreshing native plugins compatible for Editor in 0.46 ms, found 1 plugins.
Preloading 0 native plugins for Editor in 0.00 ms.
Unloading 2650 Unused Serialized files (Serialized files now loaded: 0)
System memory in use before: 113.6 MB.
System memory in use after: 113.8 MB.

Unloading 10 unused Assets to reduce memory usage. Loaded Objects now: 3257.
Total: 2.188600 ms (FindLiveObjects: 0.240600 ms CreateObjectMapping: 0.127300 ms MarkObjects: 1.759000 ms  DeleteObjects: 0.060600 ms)

========================================================================
Received Import Request.
  Time since last request: 93.023238 seconds.
  path: Assets/Scripts/ArrowController.cs
  artifactKey: Guid(448f13330f45f684caea8391e96c6c67) Importer(815301076,1909f56bfc062723c751e8b465ee728b)
Start importing Assets/Scripts/ArrowController.cs using Guid(448f13330f45f684caea8391e96c6c67) Importer(815301076,1909f56bfc062723c751e8b465ee728b)  -> (artifact id: '71ce797ec4a33aaa7beff171f5c3c07d') in 0.005542 seconds 
========================================================================
Received Prepare
Registering precompiled user dll's ...
Registered in 0.003417 seconds.
Begin MonoManager ReloadAssembly
Native extension for WindowsStandalone target not found
Refreshing native plugins compatible for Editor in 0.55 ms, found 1 plugins.
Preloading 0 native plugins for Editor in 0.00 ms.
Mono: successfully reloaded assembly
- Completed reload, in  0.945 seconds
Platform modules already initialized, skipping
Refreshing native plugins compatible for Editor in 0.78 ms, found 1 plugins.
Preloading 0 native plugins for Editor in 0.00 ms.
Unloading 2650 Unused Serialized files (Serialized files now loaded: 0)
System memory in use before: 113.6 MB.
System memory in use after: 113.8 MB.

Unloading 10 unused Assets to reduce memory usage. Loaded Objects now: 3259.
Total: 3.162400 ms (FindLiveObjects: 0.354800 ms CreateObjectMapping: 0.169900 ms MarkObjects: 2.587500 ms  DeleteObjects: 0.049000 ms)

========================================================================
Received Import Request.
  Time since last request: 71.378096 seconds.
  path: Assets/Scripts/ArrowController.cs
  artifactKey: Guid(448f13330f45f684caea8391e96c6c67) Importer(815301076,1909f56bfc062723c751e8b465ee728b)
Start importing Assets/Scripts/ArrowController.cs using Guid(448f13330f45f684caea8391e96c6c67) Importer(815301076,1909f56bfc062723c751e8b465ee728b)  -> (artifact id: 'f7569fb42db9faa94c4e05bdded0cd65') in 0.006303 seconds 
========================================================================
Received Prepare
Registering precompiled user dll's ...
Registered in 0.002765 seconds.
Begin MonoManager ReloadAssembly
Native extension for WindowsStandalone target not found
Refreshing native plugins compatible for Editor in 0.44 ms, found 1 plugins.
Preloading 0 native plugins for Editor in 0.00 ms.
Mono: successfully reloaded assembly
- Completed reload, in  0.761 seconds
Platform modules already initialized, skipping
Refreshing native plugins compatible for Editor in 0.50 ms, found 1 plugins.
Preloading 0 native plugins for Editor in 0.00 ms.
Unloading 2650 Unused Serialized files (Serialized files now loaded: 0)
System memory in use before: 113.6 MB.
System memory in use after: 113.8 MB.

Unloading 10 unused Assets to reduce memory usage. Loaded Objects now: 3261.
Total: 2.943900 ms (FindLiveObjects: 0.346300 ms CreateObjectMapping: 0.216600 ms MarkObjects: 2.333200 ms  DeleteObjects: 0.046900 ms)

========================================================================
Received Prepare
Registering precompiled user dll's ...
Registered in 0.003036 seconds.
Begin MonoManager ReloadAssembly
Native extension for WindowsStandalone target not found
Refreshing native plugins compatible for Editor in 0.51 ms, found 1 plugins.
Preloading 0 native plugins for Editor in 0.00 ms.
Mono: successfully reloaded assembly
- Completed reload, in  0.978 seconds
Platform modules already initialized, skipping
Refreshing native plugins compatible for Editor in 0.82 ms, found 1 plugins.
Preloading 0 native plugins for Editor in 0.00 ms.
Unloading 2650 Unused Serialized files (Serialized files now loaded: 0)
System memory in use before: 113.6 MB.
System memory in use after: 113.8 MB.

Unloading 10 unused Assets to reduce memory usage. Loaded Objects now: 3263.
Total: 3.606700 ms (FindLiveObjects: 0.436700 ms CreateObjectMapping: 0.341900 ms MarkObjects: 2.763300 ms  DeleteObjects: 0.063300 ms)

========================================================================
Received Import Request.
  Time since last request: 85.982561 seconds.
  path: Assets/Scripts/VampireController.cs
  artifactKey: Guid(e7416ebd1b6a6e348a54499975515678) Importer(815301076,1909f56bfc062723c751e8b465ee728b)
Start importing Assets/Scripts/VampireController.cs using Guid(e7416ebd1b6a6e348a54499975515678) Importer(815301076,1909f56bfc062723c751e8b465ee728b)  -> (artifact id: '161356c4622e91cc44a84e4d24980fc4') in 0.009892 seconds 
AssetImportWorkerClient::OnTransportError - code=2 error=End of file
