Using pre-set license
Built from '2021.1/staging' branch; Version is '2021.1.0b7 (02180fe17a0e) revision 137231'; Using compiler version '192528614'; Build Type 'Release'
OS: 'Windows 10 Pro; OS build 18363.1379; Version 1909; 64bit' Language: 'es' Physical Memory: 16342 MB
BatchMode: 1, IsHumanControllingUs: 0, StartBugReporterOnCrash: 0, Is64bit: 1, IsPro: 0

 COMMAND LINE ARGUMENTS:
C:\Program Files\Unity\Hub\Editor\2021.1.0b7\Editor\Unity.exe
-adb2
-batchMode
-noUpm
-name
AssetImportWorker0
-projectPath
D:/Utiles y Programas/1.Unity/Project BackUp/02_Wildlife
-logFile
Logs/AssetImportWorker0.log
-srvPort
65104
Successfully changed project path to: D:/Utiles y Programas/1.Unity/Project BackUp/02_Wildlife
D:/Utiles y Programas/1.Unity/Project BackUp/02_Wildlife
Using Asset Import Pipeline V2.
Refreshing native plugins compatible for Editor in 130.18 ms, found 1 plugins.
Preloading 0 native plugins for Editor in 0.00 ms.
Initialize engine version: 2021.1.0b7 (02180fe17a0e)
[Subsystems] Discovering subsystems at path C:/Program Files/Unity/Hub/Editor/2021.1.0b7/Editor/Data/Resources/UnitySubsystems
[Subsystems] Discovering subsystems at path D:/Utiles y Programas/1.Unity/Project BackUp/02_Wildlife/Assets
GfxDevice: creating device client; threaded=0; jobified=0
Direct3D:
    Version:  Direct3D 11.0 [level 11.1]
    Renderer: NVIDIA GeForce GTX 980 Ti (ID=0x17c8)
    Vendor:   NVIDIA
    VRAM:     6097 MB
    Driver:   27.21.14.5655
Initialize mono
Mono path[0] = 'C:/Program Files/Unity/Hub/Editor/2021.1.0b7/Editor/Data/Managed'
Mono path[1] = 'C:/Program Files/Unity/Hub/Editor/2021.1.0b7/Editor/Data/MonoBleedingEdge/lib/mono/unityjit'
Mono config path = 'C:/Program Files/Unity/Hub/Editor/2021.1.0b7/Editor/Data/MonoBleedingEdge/etc'
Using monoOptions --debugger-agent=transport=dt_socket,embedding=1,server=y,suspend=n,address=127.0.0.1:56196
Begin MonoManager ReloadAssembly
Registering precompiled unity dll's ...
Register platform support module: C:/Program Files/Unity/Hub/Editor/2021.1.0b7/Editor/Data/PlaybackEngines/WindowsStandaloneSupport/UnityEditor.WindowsStandalone.Extensions.dll
Registered in 0.002405 seconds.
Native extension for WindowsStandalone target not found
Refreshing native plugins compatible for Editor in 157.63 ms, found 1 plugins.
Preloading 0 native plugins for Editor in 0.00 ms.
Mono: successfully reloaded assembly
- Completed reload, in  1.920 seconds
Platform modules already initialized, skipping
Registering precompiled user dll's ...
Registered in 0.020528 seconds.
Begin MonoManager ReloadAssembly
Native extension for WindowsStandalone target not found
Refreshing native plugins compatible for Editor in 0.46 ms, found 1 plugins.
Preloading 0 native plugins for Editor in 0.00 ms.
Mono: successfully reloaded assembly
- Completed reload, in  1.179 seconds
Platform modules already initialized, skipping
========================================================================
Worker process is ready to serve import requests
Launched and connected shader compiler UnityShaderCompiler.exe after 0.10 seconds
Refreshing native plugins compatible for Editor in 0.51 ms, found 1 plugins.
Preloading 0 native plugins for Editor in 0.00 ms.
Unloading 2664 Unused Serialized files (Serialized files now loaded: 0)
System memory in use before: 98.4 MB.
System memory in use after: 98.6 MB.

Unloading 17 unused Assets to reduce memory usage. Loaded Objects now: 3116.
Total: 9.686800 ms (FindLiveObjects: 0.721100 ms CreateObjectMapping: 0.281900 ms MarkObjects: 8.569800 ms  DeleteObjects: 0.112600 ms)

========================================================================
Received Import Request.
  path: Assets/Scripts/SpawnManager.cs
  artifactKey: Guid(db65e92d62e6aaa4cad7e985c60eeb74) Importer(815301076,1909f56bfc062723c751e8b465ee728b)
Start importing Assets/Scripts/SpawnManager.cs using Guid(db65e92d62e6aaa4cad7e985c60eeb74) Importer(815301076,1909f56bfc062723c751e8b465ee728b)  -> (artifact id: 'aa2559fa2f189c3edda790b921f73124') in 0.058069 seconds 
========================================================================
Received Prepare
Registering precompiled user dll's ...
Registered in 0.003846 seconds.
Begin MonoManager ReloadAssembly
Native extension for WindowsStandalone target not found
Refreshing native plugins compatible for Editor in 0.43 ms, found 1 plugins.
Preloading 0 native plugins for Editor in 0.00 ms.
Mono: successfully reloaded assembly
- Completed reload, in  0.822 seconds
Platform modules already initialized, skipping
Refreshing native plugins compatible for Editor in 0.51 ms, found 1 plugins.
Preloading 0 native plugins for Editor in 0.00 ms.
Unloading 2659 Unused Serialized files (Serialized files now loaded: 0)
System memory in use before: 98.4 MB.
System memory in use after: 98.6 MB.

Unloading 12 unused Assets to reduce memory usage. Loaded Objects now: 3118.
Total: 2.035100 ms (FindLiveObjects: 0.272000 ms CreateObjectMapping: 0.138500 ms MarkObjects: 1.546300 ms  DeleteObjects: 0.076400 ms)

========================================================================
Received Import Request.
  Time since last request: 2412.118259 seconds.
  path: Assets/Prefabs/Animals/Horse_Brown.prefab
  artifactKey: Guid(1e78c0b480911694cb27b6a955f6485d) Importer(815301076,1909f56bfc062723c751e8b465ee728b)
Start importing Assets/Prefabs/Animals/Horse_Brown.prefab using Guid(1e78c0b480911694cb27b6a955f6485d) Importer(815301076,1909f56bfc062723c751e8b465ee728b)  -> (artifact id: 'c3695d94119b30f73afdc8959ce8e957') in 0.206696 seconds 
========================================================================
Received Import Request.
  Time since last request: 5.243506 seconds.
  path: Assets/Prefabs/Animals/Stag.prefab
  artifactKey: Guid(da2249fff00908a45ab367eab11d8acc) Importer(815301076,1909f56bfc062723c751e8b465ee728b)
Start importing Assets/Prefabs/Animals/Stag.prefab using Guid(da2249fff00908a45ab367eab11d8acc) Importer(815301076,1909f56bfc062723c751e8b465ee728b)  -> (artifact id: 'bd96328d0e99fb47c05b750c1861c093') in 0.086633 seconds 
AssetImportWorkerClient::OnTransportError - code=2 error=End of file
